This is pdfTeX, Version 3.14159265-2.6-1.40.20 (TeX Live 2019/Debian) (preloaded format=pdflatex 2021.8.17)  26 AUG 2021 14:12
entering extended mode
 restricted \write18 enabled.
 %&-line parsing enabled.
**pres.tex
(./pres.tex
LaTeX2e <2020-02-02> patch level 2
L3 programming layer <2020-02-14>
(/usr/share/texlive/texmf-dist/tex/latex/beamer/beamer.cls
Document Class: beamer 2019/09/29 v3.57 A class for typesetting presentations
(/usr/share/texlive/texmf-dist/tex/latex/beamer/beamerbasemodes.sty
(/usr/share/texlive/texmf-dist/tex/latex/etoolbox/etoolbox.sty
Package: etoolbox 2019/09/21 v2.5h e-TeX tools for LaTeX (JAW)
\etb@tempcnta=\count167
)
\beamer@tempbox=\box45
\beamer@tempcount=\count168
\c@beamerpauses=\count169

(/usr/share/texlive/texmf-dist/tex/latex/beamer/beamerbasedecode.sty
\beamer@slideinframe=\count170
\beamer@minimum=\count171
\beamer@decode@box=\box46
)
\beamer@commentbox=\box47
\beamer@modecount=\count172
)
(/usr/share/texlive/texmf-dist/tex/generic/iftex/ifpdf.sty
Package: ifpdf 2019/10/25 v3.4 ifpdf legacy package. Use iftex instead.

(/usr/share/texlive/texmf-dist/tex/generic/iftex/iftex.sty
Package: iftex 2019/11/07 v1.0c TeX engine tests
))
\headdp=\dimen134
\footheight=\dimen135
\sidebarheight=\dimen136
\beamer@tempdim=\dimen137
\beamer@finalheight=\dimen138
\beamer@animht=\dimen139
\beamer@animdp=\dimen140
\beamer@animwd=\dimen141
\beamer@leftmargin=\dimen142
\beamer@rightmargin=\dimen143
\beamer@leftsidebar=\dimen144
\beamer@rightsidebar=\dimen145
\beamer@boxsize=\dimen146
\beamer@vboxoffset=\dimen147
\beamer@descdefault=\dimen148
\beamer@descriptionwidth=\dimen149
\beamer@lastskip=\skip47
\beamer@areabox=\box48
\beamer@animcurrent=\box49
\beamer@animshowbox=\box50
\beamer@sectionbox=\box51
\beamer@logobox=\box52
\beamer@linebox=\box53
\beamer@sectioncount=\count173
\beamer@subsubsectionmax=\count174
\beamer@subsectionmax=\count175
\beamer@sectionmax=\count176
\beamer@totalheads=\count177
\beamer@headcounter=\count178
\beamer@partstartpage=\count179
\beamer@sectionstartpage=\count180
\beamer@subsectionstartpage=\count181
\beamer@animationtempa=\count182
\beamer@animationtempb=\count183
\beamer@xpos=\count184
\beamer@ypos=\count185
\beamer@ypos@offset=\count186
\beamer@showpartnumber=\count187
\beamer@currentsubsection=\count188
\beamer@coveringdepth=\count189
\beamer@sectionadjust=\count190
\beamer@tocsectionnumber=\count191

(/usr/share/texlive/texmf-dist/tex/latex/beamer/beamerbaseoptions.sty
(/usr/share/texlive/texmf-dist/tex/latex/graphics/keyval.sty
Package: keyval 2014/10/28 v1.15 key=value parser (DPC)
\KV@toks@=\toks14
))
\beamer@paperwidth=\skip48
\beamer@paperheight=\skip49

(/usr/share/texlive/texmf-dist/tex/latex/geometry/geometry.sty
Package: geometry 2020/01/02 v5.9 Page Geometry

(/usr/share/texlive/texmf-dist/tex/generic/iftex/ifvtex.sty
Package: ifvtex 2019/10/25 v1.7 ifvtex legacy package. Use iftex instead.
)
\Gm@cnth=\count192
\Gm@cntv=\count193
\c@Gm@tempcnt=\count194
\Gm@bindingoffset=\dimen150
\Gm@wd@mp=\dimen151
\Gm@odd@mp=\dimen152
\Gm@even@mp=\dimen153
\Gm@layoutwidth=\dimen154
\Gm@layoutheight=\dimen155
\Gm@layouthoffset=\dimen156
\Gm@layoutvoffset=\dimen157
\Gm@dimlist=\toks15
)
(/usr/share/texlive/texmf-dist/tex/latex/base/size11.clo
File: size11.clo 2019/12/20 v1.4l Standard LaTeX file (size option)
)
(/usr/share/texlive/texmf-dist/tex/latex/pgf/basiclayer/pgfcore.sty
(/usr/share/texlive/texmf-dist/tex/latex/graphics/graphicx.sty
Package: graphicx 2019/11/30 v1.2a Enhanced LaTeX Graphics (DPC,SPQR)

(/usr/share/texlive/texmf-dist/tex/latex/graphics/graphics.sty
Package: graphics 2019/11/30 v1.4a Standard LaTeX Graphics (DPC,SPQR)

(/usr/share/texlive/texmf-dist/tex/latex/graphics/trig.sty
Package: trig 2016/01/03 v1.10 sin cos tan (DPC)
)
(/usr/share/texlive/texmf-dist/tex/latex/graphics-cfg/graphics.cfg
File: graphics.cfg 2016/06/04 v1.11 sample graphics configuration
)
Package graphics Info: Driver file: pdftex.def on input line 105.

(/usr/share/texlive/texmf-dist/tex/latex/graphics-def/pdftex.def
File: pdftex.def 2018/01/08 v1.0l Graphics/color driver for pdftex
))
\Gin@req@height=\dimen158
\Gin@req@width=\dimen159
)
(/usr/share/texlive/texmf-dist/tex/latex/pgf/systemlayer/pgfsys.sty
(/usr/share/texlive/texmf-dist/tex/latex/pgf/utilities/pgfrcs.sty
(/usr/share/texlive/texmf-dist/tex/generic/pgf/utilities/pgfutil-common.tex
\pgfutil@everybye=\toks16
\pgfutil@tempdima=\dimen160
\pgfutil@tempdimb=\dimen161

(/usr/share/texlive/texmf-dist/tex/generic/pgf/utilities/pgfutil-common-lists.t
ex)) (/usr/share/texlive/texmf-dist/tex/generic/pgf/utilities/pgfutil-latex.def
\pgfutil@abb=\box54
(/usr/share/texlive/texmf-dist/tex/latex/ms/everyshi.sty
Package: everyshi 2001/05/15 v3.00 EveryShipout Package (MS)
))
(/usr/share/texlive/texmf-dist/tex/generic/pgf/utilities/pgfrcs.code.tex
(/usr/share/texlive/texmf-dist/tex/generic/pgf/pgf.revision.tex)
Package: pgfrcs 2020/01/08 v3.1.5b (3.1.5b)
))
(/usr/share/texlive/texmf-dist/tex/generic/pgf/systemlayer/pgfsys.code.tex
Package: pgfsys 2020/01/08 v3.1.5b (3.1.5b)

(/usr/share/texlive/texmf-dist/tex/generic/pgf/utilities/pgfkeys.code.tex
\pgfkeys@pathtoks=\toks17
\pgfkeys@temptoks=\toks18

(/usr/share/texlive/texmf-dist/tex/generic/pgf/utilities/pgfkeysfiltered.code.t
ex
\pgfkeys@tmptoks=\toks19
))
\pgf@x=\dimen162
\pgf@y=\dimen163
\pgf@xa=\dimen164
\pgf@ya=\dimen165
\pgf@xb=\dimen166
\pgf@yb=\dimen167
\pgf@xc=\dimen168
\pgf@yc=\dimen169
\pgf@xd=\dimen170
\pgf@yd=\dimen171
\w@pgf@writea=\write3
\r@pgf@reada=\read2
\c@pgf@counta=\count195
\c@pgf@countb=\count196
\c@pgf@countc=\count197
\c@pgf@countd=\count198
\t@pgf@toka=\toks20
\t@pgf@tokb=\toks21
\t@pgf@tokc=\toks22
\pgf@sys@id@count=\count199
 (/usr/share/texlive/texmf-dist/tex/generic/pgf/systemlayer/pgf.cfg
File: pgf.cfg 2020/01/08 v3.1.5b (3.1.5b)
)
Driver file for pgf: pgfsys-pdftex.def

(/usr/share/texlive/texmf-dist/tex/generic/pgf/systemlayer/pgfsys-pdftex.def
File: pgfsys-pdftex.def 2020/01/08 v3.1.5b (3.1.5b)

(/usr/share/texlive/texmf-dist/tex/generic/pgf/systemlayer/pgfsys-common-pdf.de
f
File: pgfsys-common-pdf.def 2020/01/08 v3.1.5b (3.1.5b)
)))
(/usr/share/texlive/texmf-dist/tex/generic/pgf/systemlayer/pgfsyssoftpath.code.
tex
File: pgfsyssoftpath.code.tex 2020/01/08 v3.1.5b (3.1.5b)
\pgfsyssoftpath@smallbuffer@items=\count266
\pgfsyssoftpath@bigbuffer@items=\count267
)
(/usr/share/texlive/texmf-dist/tex/generic/pgf/systemlayer/pgfsysprotocol.code.
tex
File: pgfsysprotocol.code.tex 2020/01/08 v3.1.5b (3.1.5b)
)) (/usr/share/texlive/texmf-dist/tex/latex/xcolor/xcolor.sty
Package: xcolor 2016/05/11 v2.12 LaTeX color extensions (UK)

(/usr/share/texlive/texmf-dist/tex/latex/graphics-cfg/color.cfg
File: color.cfg 2016/01/02 v1.6 sample color configuration
)
Package xcolor Info: Driver file: pdftex.def on input line 225.
Package xcolor Info: Model `cmy' substituted by `cmy0' on input line 1348.
Package xcolor Info: Model `hsb' substituted by `rgb' on input line 1352.
Package xcolor Info: Model `RGB' extended on input line 1364.
Package xcolor Info: Model `HTML' substituted by `rgb' on input line 1366.
Package xcolor Info: Model `Hsb' substituted by `hsb' on input line 1367.
Package xcolor Info: Model `tHsb' substituted by `hsb' on input line 1368.
Package xcolor Info: Model `HSB' substituted by `hsb' on input line 1369.
Package xcolor Info: Model `Gray' substituted by `gray' on input line 1370.
Package xcolor Info: Model `wave' substituted by `hsb' on input line 1371.
)
(/usr/share/texlive/texmf-dist/tex/generic/pgf/basiclayer/pgfcore.code.tex
Package: pgfcore 2020/01/08 v3.1.5b (3.1.5b)

(/usr/share/texlive/texmf-dist/tex/generic/pgf/math/pgfmath.code.tex
(/usr/share/texlive/texmf-dist/tex/generic/pgf/math/pgfmathcalc.code.tex
(/usr/share/texlive/texmf-dist/tex/generic/pgf/math/pgfmathutil.code.tex)
(/usr/share/texlive/texmf-dist/tex/generic/pgf/math/pgfmathparser.code.tex
\pgfmath@dimen=\dimen172
\pgfmath@count=\count268
\pgfmath@box=\box55
\pgfmath@toks=\toks23
\pgfmath@stack@operand=\toks24
\pgfmath@stack@operation=\toks25
)
(/usr/share/texlive/texmf-dist/tex/generic/pgf/math/pgfmathfunctions.code.tex
(/usr/share/texlive/texmf-dist/tex/generic/pgf/math/pgfmathfunctions.basic.code
.tex)
(/usr/share/texlive/texmf-dist/tex/generic/pgf/math/pgfmathfunctions.trigonomet
ric.code.tex)
(/usr/share/texlive/texmf-dist/tex/generic/pgf/math/pgfmathfunctions.random.cod
e.tex)
(/usr/share/texlive/texmf-dist/tex/generic/pgf/math/pgfmathfunctions.comparison
.code.tex)
(/usr/share/texlive/texmf-dist/tex/generic/pgf/math/pgfmathfunctions.base.code.
tex)
(/usr/share/texlive/texmf-dist/tex/generic/pgf/math/pgfmathfunctions.round.code
.tex)
(/usr/share/texlive/texmf-dist/tex/generic/pgf/math/pgfmathfunctions.misc.code.
tex)
(/usr/share/texlive/texmf-dist/tex/generic/pgf/math/pgfmathfunctions.integerari
thmetics.code.tex)))
(/usr/share/texlive/texmf-dist/tex/generic/pgf/math/pgfmathfloat.code.tex
\c@pgfmathroundto@lastzeros=\count269
))
(/usr/share/texlive/texmf-dist/tex/generic/pgf/math/pgfint.code.tex)
(/usr/share/texlive/texmf-dist/tex/generic/pgf/basiclayer/pgfcorepoints.code.te
x
File: pgfcorepoints.code.tex 2020/01/08 v3.1.5b (3.1.5b)
\pgf@picminx=\dimen173
\pgf@picmaxx=\dimen174
\pgf@picminy=\dimen175
\pgf@picmaxy=\dimen176
\pgf@pathminx=\dimen177
\pgf@pathmaxx=\dimen178
\pgf@pathminy=\dimen179
\pgf@pathmaxy=\dimen180
\pgf@xx=\dimen181
\pgf@xy=\dimen182
\pgf@yx=\dimen183
\pgf@yy=\dimen184
\pgf@zx=\dimen185
\pgf@zy=\dimen186
)
(/usr/share/texlive/texmf-dist/tex/generic/pgf/basiclayer/pgfcorepathconstruct.
code.tex
File: pgfcorepathconstruct.code.tex 2020/01/08 v3.1.5b (3.1.5b)
\pgf@path@lastx=\dimen187
\pgf@path@lasty=\dimen188
)
(/usr/share/texlive/texmf-dist/tex/generic/pgf/basiclayer/pgfcorepathusage.code
.tex
File: pgfcorepathusage.code.tex 2020/01/08 v3.1.5b (3.1.5b)
\pgf@shorten@end@additional=\dimen189
\pgf@shorten@start@additional=\dimen190
)
(/usr/share/texlive/texmf-dist/tex/generic/pgf/basiclayer/pgfcorescopes.code.te
x
File: pgfcorescopes.code.tex 2020/01/08 v3.1.5b (3.1.5b)
\pgfpic=\box56
\pgf@hbox=\box57
\pgf@layerbox@main=\box58
\pgf@picture@serial@count=\count270
)
(/usr/share/texlive/texmf-dist/tex/generic/pgf/basiclayer/pgfcoregraphicstate.c
ode.tex
File: pgfcoregraphicstate.code.tex 2020/01/08 v3.1.5b (3.1.5b)
\pgflinewidth=\dimen191
)
(/usr/share/texlive/texmf-dist/tex/generic/pgf/basiclayer/pgfcoretransformation
s.code.tex
File: pgfcoretransformations.code.tex 2020/01/08 v3.1.5b (3.1.5b)
\pgf@pt@x=\dimen192
\pgf@pt@y=\dimen193
\pgf@pt@temp=\dimen194
)
(/usr/share/texlive/texmf-dist/tex/generic/pgf/basiclayer/pgfcorequick.code.tex
File: pgfcorequick.code.tex 2020/01/08 v3.1.5b (3.1.5b)
)
(/usr/share/texlive/texmf-dist/tex/generic/pgf/basiclayer/pgfcoreobjects.code.t
ex
File: pgfcoreobjects.code.tex 2020/01/08 v3.1.5b (3.1.5b)
)
(/usr/share/texlive/texmf-dist/tex/generic/pgf/basiclayer/pgfcorepathprocessing
.code.tex
File: pgfcorepathprocessing.code.tex 2020/01/08 v3.1.5b (3.1.5b)
)
(/usr/share/texlive/texmf-dist/tex/generic/pgf/basiclayer/pgfcorearrows.code.te
x
File: pgfcorearrows.code.tex 2020/01/08 v3.1.5b (3.1.5b)
\pgfarrowsep=\dimen195
)
(/usr/share/texlive/texmf-dist/tex/generic/pgf/basiclayer/pgfcoreshade.code.tex
File: pgfcoreshade.code.tex 2020/01/08 v3.1.5b (3.1.5b)
\pgf@max=\dimen196
\pgf@sys@shading@range@num=\count271
\pgf@shadingcount=\count272
)
(/usr/share/texlive/texmf-dist/tex/generic/pgf/basiclayer/pgfcoreimage.code.tex
File: pgfcoreimage.code.tex 2020/01/08 v3.1.5b (3.1.5b)

(/usr/share/texlive/texmf-dist/tex/generic/pgf/basiclayer/pgfcoreexternal.code.
tex
File: pgfcoreexternal.code.tex 2020/01/08 v3.1.5b (3.1.5b)
\pgfexternal@startupbox=\box59
))
(/usr/share/texlive/texmf-dist/tex/generic/pgf/basiclayer/pgfcorelayers.code.te
x
File: pgfcorelayers.code.tex 2020/01/08 v3.1.5b (3.1.5b)
)
(/usr/share/texlive/texmf-dist/tex/generic/pgf/basiclayer/pgfcoretransparency.c
ode.tex
File: pgfcoretransparency.code.tex 2020/01/08 v3.1.5b (3.1.5b)
)
(/usr/share/texlive/texmf-dist/tex/generic/pgf/basiclayer/pgfcorepatterns.code.
tex
File: pgfcorepatterns.code.tex 2020/01/08 v3.1.5b (3.1.5b)
)
(/usr/share/texlive/texmf-dist/tex/generic/pgf/basiclayer/pgfcorerdf.code.tex
File: pgfcorerdf.code.tex 2020/01/08 v3.1.5b (3.1.5b)
))) (/usr/share/texlive/texmf-dist/tex/latex/pgf/utilities/xxcolor.sty
Package: xxcolor 2003/10/24 ver 0.1
\XC@nummixins=\count273
\XC@countmixins=\count274
)
(/usr/share/texlive/texmf-dist/tex/generic/atbegshi/atbegshi.sty
Package: atbegshi 2019/12/05 v1.19 At begin shipout hook (HO)

(/usr/share/texlive/texmf-dist/tex/generic/infwarerr/infwarerr.sty
Package: infwarerr 2019/12/03 v1.5 Providing info/warning/error messages (HO)
)
(/usr/share/texlive/texmf-dist/tex/generic/ltxcmds/ltxcmds.sty
Package: ltxcmds 2019/12/15 v1.24 LaTeX kernel commands for general use (HO)
))
(/usr/share/texlive/texmf-dist/tex/latex/hyperref/hyperref.sty
Package: hyperref 2020/01/14 v7.00d Hypertext links for LaTeX

(/usr/share/texlive/texmf-dist/tex/latex/pdftexcmds/pdftexcmds.sty
Package: pdftexcmds 2019/11/24 v0.31 Utility functions of pdfTeX for LuaTeX (HO
)
Package pdftexcmds Info: \pdf@primitive is available.
Package pdftexcmds Info: \pdf@ifprimitive is available.
Package pdftexcmds Info: \pdfdraftmode found.
)
(/usr/share/texlive/texmf-dist/tex/generic/kvsetkeys/kvsetkeys.sty
Package: kvsetkeys 2019/12/15 v1.18 Key value parser (HO)
)
(/usr/share/texlive/texmf-dist/tex/generic/kvdefinekeys/kvdefinekeys.sty
Package: kvdefinekeys 2019-12-19 v1.6 Define keys (HO)
)
(/usr/share/texlive/texmf-dist/tex/generic/pdfescape/pdfescape.sty
Package: pdfescape 2019/12/09 v1.15 Implements pdfTeX's escape features (HO)
)
(/usr/share/texlive/texmf-dist/tex/latex/hycolor/hycolor.sty
Package: hycolor 2020-01-27 v1.10 Color options for hyperref/bookmark (HO)
)
(/usr/share/texlive/texmf-dist/tex/latex/letltxmacro/letltxmacro.sty
Package: letltxmacro 2019/12/03 v1.6 Let assignment for LaTeX macros (HO)
)
(/usr/share/texlive/texmf-dist/tex/latex/auxhook/auxhook.sty
Package: auxhook 2019-12-17 v1.6 Hooks for auxiliary files (HO)
)
(/usr/share/texlive/texmf-dist/tex/latex/kvoptions/kvoptions.sty
Package: kvoptions 2019/11/29 v3.13 Key value format for package options (HO)
)
\@linkdim=\dimen197
\Hy@linkcounter=\count275
\Hy@pagecounter=\count276

(/usr/share/texlive/texmf-dist/tex/latex/hyperref/pd1enc.def
File: pd1enc.def 2020/01/14 v7.00d Hyperref: PDFDocEncoding definition (HO)
Now handling font encoding PD1 ...
... no UTF-8 mapping file for font encoding PD1
)
(/usr/share/texlive/texmf-dist/tex/generic/intcalc/intcalc.sty
Package: intcalc 2019/12/15 v1.3 Expandable calculations with integers (HO)
)
(/usr/share/texlive/texmf-dist/tex/generic/etexcmds/etexcmds.sty
Package: etexcmds 2019/12/15 v1.7 Avoid name clashes with e-TeX commands (HO)
)
\Hy@SavedSpaceFactor=\count277
\pdfmajorversion=\count278
Package hyperref Info: Option `bookmarks' set `true' on input line 4421.
Package hyperref Info: Option `bookmarksopen' set `true' on input line 4421.
Package hyperref Info: Option `implicit' set `false' on input line 4421.
Package hyperref Info: Hyper figures OFF on input line 4547.
Package hyperref Info: Link nesting OFF on input line 4552.
Package hyperref Info: Hyper index ON on input line 4555.
Package hyperref Info: Plain pages OFF on input line 4562.
Package hyperref Info: Backreferencing OFF on input line 4567.
Package hyperref Info: Implicit mode OFF; no redefinition of LaTeX internals.
Package hyperref Info: Bookmarks ON on input line 4800.
\c@Hy@tempcnt=\count279

(/usr/share/texlive/texmf-dist/tex/latex/url/url.sty
\Urlmuskip=\muskip16
Package: url 2013/09/16  ver 3.4  Verb mode for urls, etc.
)
LaTeX Info: Redefining \url on input line 5159.
\XeTeXLinkMargin=\dimen198

(/usr/share/texlive/texmf-dist/tex/generic/bitset/bitset.sty
Package: bitset 2019/12/09 v1.3 Handle bit-vector datatype (HO)

(/usr/share/texlive/texmf-dist/tex/generic/bigintcalc/bigintcalc.sty
Package: bigintcalc 2019/12/15 v1.5 Expandable calculations on big integers (HO
)
))
\Fld@menulength=\count280
\Field@Width=\dimen199
\Fld@charsize=\dimen256
Package hyperref Info: Hyper figures OFF on input line 6430.
Package hyperref Info: Link nesting OFF on input line 6435.
Package hyperref Info: Hyper index ON on input line 6438.
Package hyperref Info: backreferencing OFF on input line 6445.
Package hyperref Info: Link coloring OFF on input line 6450.
Package hyperref Info: Link coloring with OCG OFF on input line 6455.
Package hyperref Info: PDF/A mode OFF on input line 6460.
LaTeX Info: Redefining \ref on input line 6500.
LaTeX Info: Redefining \pageref on input line 6504.
\Hy@abspage=\count281


Package hyperref Message: Stopped early.

)
Package hyperref Info: Driver (autodetected): hpdftex.
 (/usr/share/texlive/texmf-dist/tex/latex/hyperref/hpdftex.def
File: hpdftex.def 2020/01/14 v7.00d Hyperref driver for pdfTeX

(/usr/share/texlive/texmf-dist/tex/latex/atveryend/atveryend.sty
Package: atveryend 2019-12-11 v1.11 Hooks at the very end of document (HO)
)
\Fld@listcount=\count282
\c@bookmark@seq@number=\count283

(/usr/share/texlive/texmf-dist/tex/latex/rerunfilecheck/rerunfilecheck.sty
Package: rerunfilecheck 2019/12/05 v1.9 Rerun checks for auxiliary files (HO)

(/usr/share/texlive/texmf-dist/tex/generic/uniquecounter/uniquecounter.sty
Package: uniquecounter 2019/12/15 v1.4 Provide unlimited unique counter (HO)
)
Package uniquecounter Info: New unique counter `rerunfilecheck' on input line 2
86.
))
(/usr/share/texlive/texmf-dist/tex/latex/beamer/beamerbaserequires.sty
(/usr/share/texlive/texmf-dist/tex/latex/beamer/beamerbasecompatibility.sty)
(/usr/share/texlive/texmf-dist/tex/latex/beamer/beamerbasefont.sty
(/usr/share/texlive/texmf-dist/tex/latex/amsfonts/amssymb.sty
Package: amssymb 2013/01/14 v3.01 AMS font symbols

(/usr/share/texlive/texmf-dist/tex/latex/amsfonts/amsfonts.sty
Package: amsfonts 2013/01/14 v3.01 Basic AMSFonts support
\@emptytoks=\toks26
\symAMSa=\mathgroup4
\symAMSb=\mathgroup5
LaTeX Font Info:    Redeclaring math symbol \hbar on input line 98.
LaTeX Font Info:    Overwriting math alphabet `\mathfrak' in version `bold'
(Font)                  U/euf/m/n --> U/euf/b/n on input line 106.
)))
(/usr/share/texlive/texmf-dist/tex/latex/beamer/beamerbasetranslator.sty
(/usr/share/texlive/texmf-dist/tex/latex/translator/translator.sty
Package: translator 2019-05-31 v1.12a Easy translation of strings in LaTeX
))
(/usr/share/texlive/texmf-dist/tex/latex/beamer/beamerbasemisc.sty)
(/usr/share/texlive/texmf-dist/tex/latex/beamer/beamerbasetwoscreens.sty)
(/usr/share/texlive/texmf-dist/tex/latex/beamer/beamerbaseoverlay.sty
\beamer@argscount=\count284
\beamer@lastskipcover=\skip50
\beamer@trivlistdepth=\count285
)
(/usr/share/texlive/texmf-dist/tex/latex/beamer/beamerbasetitle.sty)
(/usr/share/texlive/texmf-dist/tex/latex/beamer/beamerbasesection.sty
\c@lecture=\count286
\c@part=\count287
\c@section=\count288
\c@subsection=\count289
\c@subsubsection=\count290
)
(/usr/share/texlive/texmf-dist/tex/latex/beamer/beamerbaseframe.sty
\beamer@framebox=\box60
\beamer@frametitlebox=\box61
\beamer@zoombox=\box62
\beamer@zoomcount=\count291
\beamer@zoomframecount=\count292
\beamer@frametextheight=\dimen257
\c@subsectionslide=\count293
\beamer@frametopskip=\skip51
\beamer@framebottomskip=\skip52
\beamer@frametopskipautobreak=\skip53
\beamer@framebottomskipautobreak=\skip54
\beamer@envbody=\toks27
\framewidth=\dimen258
\c@framenumber=\count294
)
(/usr/share/texlive/texmf-dist/tex/latex/beamer/beamerbaseverbatim.sty
\beamer@verbatimfileout=\write4
)
(/usr/share/texlive/texmf-dist/tex/latex/beamer/beamerbaseframesize.sty
\beamer@splitbox=\box63
\beamer@autobreakcount=\count295
\beamer@autobreaklastheight=\dimen259
\beamer@frametitletoks=\toks28
\beamer@framesubtitletoks=\toks29
)
(/usr/share/texlive/texmf-dist/tex/latex/beamer/beamerbaseframecomponents.sty
\beamer@footins=\box64
)
(/usr/share/texlive/texmf-dist/tex/latex/beamer/beamerbasecolor.sty)
(/usr/share/texlive/texmf-dist/tex/latex/beamer/beamerbasenotes.sty
\beamer@frameboxcopy=\box65
)
(/usr/share/texlive/texmf-dist/tex/latex/beamer/beamerbasetoc.sty)
(/usr/share/texlive/texmf-dist/tex/latex/beamer/beamerbasetemplates.sty
\beamer@sbttoks=\toks30

(/usr/share/texlive/texmf-dist/tex/latex/beamer/beamerbaseauxtemplates.sty
(/usr/share/texlive/texmf-dist/tex/latex/beamer/beamerbaseboxes.sty
\bmb@box=\box66
\bmb@colorbox=\box67
\bmb@boxshadow=\box68
\bmb@boxshadowball=\box69
\bmb@boxshadowballlarge=\box70
\bmb@temp=\dimen260
\bmb@dima=\dimen261
\bmb@dimb=\dimen262
\bmb@prevheight=\dimen263
)
\beamer@blockheadheight=\dimen264
))
(/usr/share/texlive/texmf-dist/tex/latex/beamer/beamerbaselocalstructure.sty
(/usr/share/texlive/texmf-dist/tex/latex/tools/enumerate.sty
Package: enumerate 2015/07/23 v3.00 enumerate extensions (DPC)
\@enLab=\toks31
)
\c@figure=\count296
\c@table=\count297
\abovecaptionskip=\skip55
\belowcaptionskip=\skip56
)
(/usr/share/texlive/texmf-dist/tex/latex/beamer/beamerbasenavigation.sty
\beamer@section@min@dim=\dimen265
)
(/usr/share/texlive/texmf-dist/tex/latex/beamer/beamerbasetheorems.sty
(/usr/share/texlive/texmf-dist/tex/latex/amsmath/amsmath.sty
Package: amsmath 2020/01/20 v2.17e AMS math features
\@mathmargin=\skip57

For additional information on amsmath, use the `?' option.
(/usr/share/texlive/texmf-dist/tex/latex/amsmath/amstext.sty
Package: amstext 2000/06/29 v2.01 AMS text

(/usr/share/texlive/texmf-dist/tex/latex/amsmath/amsgen.sty
File: amsgen.sty 1999/11/30 v2.0 generic functions
\@emptytoks=\toks32
\ex@=\dimen266
))
(/usr/share/texlive/texmf-dist/tex/latex/amsmath/amsbsy.sty
Package: amsbsy 1999/11/29 v1.2d Bold Symbols
\pmbraise@=\dimen267
)
(/usr/share/texlive/texmf-dist/tex/latex/amsmath/amsopn.sty
Package: amsopn 2016/03/08 v2.02 operator names
)
\inf@bad=\count298
LaTeX Info: Redefining \frac on input line 227.
\uproot@=\count299
\leftroot@=\count300
LaTeX Info: Redefining \overline on input line 389.
\classnum@=\count301
\DOTSCASE@=\count302
LaTeX Info: Redefining \ldots on input line 486.
LaTeX Info: Redefining \dots on input line 489.
LaTeX Info: Redefining \cdots on input line 610.
\Mathstrutbox@=\box71
\strutbox@=\box72
\big@size=\dimen268
LaTeX Font Info:    Redeclaring font encoding OML on input line 733.
LaTeX Font Info:    Redeclaring font encoding OMS on input line 734.
\macc@depth=\count303
\c@MaxMatrixCols=\count304
\dotsspace@=\muskip17
\c@parentequation=\count305
\dspbrk@lvl=\count306
\tag@help=\toks33
\row@=\count307
\column@=\count308
\maxfields@=\count309
\andhelp@=\toks34
\eqnshift@=\dimen269
\alignsep@=\dimen270
\tagshift@=\dimen271
\tagwidth@=\dimen272
\totwidth@=\dimen273
\lineht@=\dimen274
\@envbody=\toks35
\multlinegap=\skip58
\multlinetaggap=\skip59
\mathdisplay@stack=\toks36
LaTeX Info: Redefining \[ on input line 2859.
LaTeX Info: Redefining \] on input line 2860.
)
(/usr/share/texlive/texmf-dist/tex/latex/amscls/amsthm.sty
Package: amsthm 2017/10/31 v2.20.4
\thm@style=\toks37
\thm@bodyfont=\toks38
\thm@headfont=\toks39
\thm@notefont=\toks40
\thm@headpunct=\toks41
\thm@preskip=\skip60
\thm@postskip=\skip61
\thm@headsep=\skip62
\dth@everypar=\toks42
)
\c@theorem=\count310
)
(/usr/share/texlive/texmf-dist/tex/latex/beamer/beamerbasethemes.sty))
(/usr/share/texlive/texmf-dist/tex/latex/beamer/beamerthemedefault.sty
(/usr/share/texlive/texmf-dist/tex/latex/beamer/beamerfontthemedefault.sty)
(/usr/share/texlive/texmf-dist/tex/latex/beamer/beamercolorthemedefault.sty)
(/usr/share/texlive/texmf-dist/tex/latex/beamer/beamerinnerthemedefault.sty
\beamer@dima=\dimen275
\beamer@dimb=\dimen276
)
(/usr/share/texlive/texmf-dist/tex/latex/beamer/beamerouterthemedefault.sty)))
(/usr/share/texlive/texmf-dist/tex/latex/beamer/beamerthemesplit.sty
(/usr/share/texlive/texmf-dist/tex/latex/beamer/beamercolorthemewhale.sty)
(/usr/share/texlive/texmf-dist/tex/latex/beamer/beamerouterthemesplit.sty)
(/usr/share/texlive/texmf-dist/tex/latex/beamer/beamerfontthemestructurebold.st
y)) (/usr/share/texlive/texmf-dist/tex/latex/pgfgantt/pgfgantt.sty
Package: pgfgantt 2018/01/10 v5.0 Draw Gantt diagrams with TikZ

(/usr/share/texlive/texmf-dist/tex/latex/pgf/frontendlayer/tikz.sty
(/usr/share/texlive/texmf-dist/tex/latex/pgf/basiclayer/pgf.sty
Package: pgf 2020/01/08 v3.1.5b (3.1.5b)

(/usr/share/texlive/texmf-dist/tex/generic/pgf/modules/pgfmoduleshapes.code.tex
File: pgfmoduleshapes.code.tex 2020/01/08 v3.1.5b (3.1.5b)
\pgfnodeparttextbox=\box73
) (/usr/share/texlive/texmf-dist/tex/generic/pgf/modules/pgfmoduleplot.code.tex
File: pgfmoduleplot.code.tex 2020/01/08 v3.1.5b (3.1.5b)
)
(/usr/share/texlive/texmf-dist/tex/latex/pgf/compatibility/pgfcomp-version-0-65
.sty
Package: pgfcomp-version-0-65 2020/01/08 v3.1.5b (3.1.5b)
\pgf@nodesepstart=\dimen277
\pgf@nodesepend=\dimen278
)
(/usr/share/texlive/texmf-dist/tex/latex/pgf/compatibility/pgfcomp-version-1-18
.sty
Package: pgfcomp-version-1-18 2020/01/08 v3.1.5b (3.1.5b)
)) (/usr/share/texlive/texmf-dist/tex/latex/pgf/utilities/pgffor.sty
(/usr/share/texlive/texmf-dist/tex/latex/pgf/utilities/pgfkeys.sty
(/usr/share/texlive/texmf-dist/tex/generic/pgf/utilities/pgfkeys.code.tex))
(/usr/share/texlive/texmf-dist/tex/latex/pgf/math/pgfmath.sty
(/usr/share/texlive/texmf-dist/tex/generic/pgf/math/pgfmath.code.tex))
(/usr/share/texlive/texmf-dist/tex/generic/pgf/utilities/pgffor.code.tex
Package: pgffor 2020/01/08 v3.1.5b (3.1.5b)

(/usr/share/texlive/texmf-dist/tex/generic/pgf/math/pgfmath.code.tex)
\pgffor@iter=\dimen279
\pgffor@skip=\dimen280
\pgffor@stack=\toks43
\pgffor@toks=\toks44
))
(/usr/share/texlive/texmf-dist/tex/generic/pgf/frontendlayer/tikz/tikz.code.tex
Package: tikz 2020/01/08 v3.1.5b (3.1.5b)

(/usr/share/texlive/texmf-dist/tex/generic/pgf/libraries/pgflibraryplothandlers
.code.tex
File: pgflibraryplothandlers.code.tex 2020/01/08 v3.1.5b (3.1.5b)
\pgf@plot@mark@count=\count311
\pgfplotmarksize=\dimen281
)
\tikz@lastx=\dimen282
\tikz@lasty=\dimen283
\tikz@lastxsaved=\dimen284
\tikz@lastysaved=\dimen285
\tikz@lastmovetox=\dimen286
\tikz@lastmovetoy=\dimen287
\tikzleveldistance=\dimen288
\tikzsiblingdistance=\dimen289
\tikz@figbox=\box74
\tikz@figbox@bg=\box75
\tikz@tempbox=\box76
\tikz@tempbox@bg=\box77
\tikztreelevel=\count312
\tikznumberofchildren=\count313
\tikznumberofcurrentchild=\count314
\tikz@fig@count=\count315

(/usr/share/texlive/texmf-dist/tex/generic/pgf/modules/pgfmodulematrix.code.tex
File: pgfmodulematrix.code.tex 2020/01/08 v3.1.5b (3.1.5b)
\pgfmatrixcurrentrow=\count316
\pgfmatrixcurrentcolumn=\count317
\pgf@matrix@numberofcolumns=\count318
)
\tikz@expandcount=\count319

(/usr/share/texlive/texmf-dist/tex/generic/pgf/frontendlayer/tikz/libraries/tik
zlibrarytopaths.code.tex
File: tikzlibrarytopaths.code.tex 2020/01/08 v3.1.5b (3.1.5b)
)))
(/usr/share/texlive/texmf-dist/tex/generic/pgf/frontendlayer/tikz/libraries/tik
zlibraryarrows.code.tex
File: tikzlibraryarrows.code.tex 2020/01/08 v3.1.5b (3.1.5b)

(/usr/share/texlive/texmf-dist/tex/generic/pgf/libraries/pgflibraryarrows.code.
tex
File: pgflibraryarrows.code.tex 2020/01/08 v3.1.5b (3.1.5b)
\arrowsize=\dimen290
))
(/usr/share/texlive/texmf-dist/tex/generic/pgf/frontendlayer/tikz/libraries/tik
zlibrarybackgrounds.code.tex
File: tikzlibrarybackgrounds.code.tex 2020/01/08 v3.1.5b (3.1.5b)
\pgf@layerbox@background=\box78
\pgf@layerboxsaved@background=\box79
)
(/usr/share/texlive/texmf-dist/tex/generic/pgf/frontendlayer/tikz/libraries/tik
zlibrarycalc.code.tex
File: tikzlibrarycalc.code.tex 2020/01/08 v3.1.5b (3.1.5b)
)
(/usr/share/texlive/texmf-dist/tex/generic/pgf/frontendlayer/tikz/libraries/tik
zlibrarypatterns.code.tex
File: tikzlibrarypatterns.code.tex 2020/01/08 v3.1.5b (3.1.5b)

(/usr/share/texlive/texmf-dist/tex/generic/pgf/libraries/pgflibrarypatterns.cod
e.tex
File: pgflibrarypatterns.code.tex 2020/01/08 v3.1.5b (3.1.5b)
))
(/usr/share/texlive/texmf-dist/tex/generic/pgf/frontendlayer/tikz/libraries/tik
zlibrarypositioning.code.tex
File: tikzlibrarypositioning.code.tex 2020/01/08 v3.1.5b (3.1.5b)
)
(/usr/share/texlive/texmf-dist/tex/generic/pgf/frontendlayer/tikz/libraries/tik
zlibraryshapes.geometric.code.tex
File: tikzlibraryshapes.geometric.code.tex 2020/01/08 v3.1.5b (3.1.5b)

(/usr/share/texlive/texmf-dist/tex/generic/pgf/libraries/shapes/pgflibraryshape
s.geometric.code.tex
File: pgflibraryshapes.geometric.code.tex 2020/01/08 v3.1.5b (3.1.5b)
))
(/usr/share/texlive/texmf-dist/tex/latex/pgf/utilities/pgfcalendar.sty
(/usr/share/texlive/texmf-dist/tex/generic/pgf/utilities/pgfcalendar.code.tex
File: pgfcalendar.code.tex 2020/01/08 v3.1.5b (3.1.5b)

(/usr/share/texlive/texmf-dist/tex/generic/pgf/math/pgfint.code.tex)
\pgfcalendarcurrentjulian=\count320
\pgf@cal@easter@Y=\count321
\pgf@cal@easter@G=\count322
\pgf@cal@easter@C=\count323
\pgf@cal@easter@X=\count324
\pgf@cal@easter@Z=\count325
\pgf@cal@easter@D=\count326
\pgf@cal@easter@E=\count327
\pgf@cal@easter@N=\count328
\pgf@cal@easter@M=\count329
\pgf@cal@easter@julianday=\count330
))
\gtt@currentline=\count331
\gtt@lasttitleline=\count332
\gtt@currgrid=\count333
\gtt@chartwidth=\count334
\gtt@lasttitleslot=\count335
\gtt@elementid=\count336
\gtt@today@slot=\count337
\gtt@startjulian=\count338
\gtt@endjulian=\count339
\gtt@chartid=\count340
\gtt@vrule@slot=\count341
\gtt@calendar@slots=\count342
\gtt@calendar@weeknumber=\count343
\gtt@calendar@startofweek=\count344
\gtt@left@slot=\count345
\gtt@right@slot=\count346
)
(/usr/share/texlive/texmf-dist/tex/latex/beamer/beamerthemeWarsaw.sty
(/usr/share/texlive/texmf-dist/tex/latex/beamer/beamerinnerthemerounded.sty)
(/usr/share/texlive/texmf-dist/tex/latex/beamer/beamerouterthemeshadow.sty)
(/usr/share/texlive/texmf-dist/tex/latex/beamer/beamercolorthemeorchid.sty))
(/usr/share/texlive/texmf-dist/tex/latex/beamer/beamercolorthemewolverine.sty)
(/usr/share/texlive/texmf-dist/tex/latex/sidecap/sidecap.sty
Package: sidecap 2003/06/06 v1.6f SideCap Package (RN/HjG)

(/usr/share/texlive/texmf-dist/tex/latex/base/ifthen.sty
Package: ifthen 2014/09/29 v1.1c Standard LaTeX ifthen package (DPC)
)
\SC@BOXWD=\dimen291
\SC@CAPWD=\dimen292
\SC@tempdima=\dimen293
\SC@tempdimb=\dimen294
\c@SC@C=\count347
\SC@BOX=\box80
)
(/usr/share/texlive/texmf-dist/tex/latex/base/inputenc.sty
Package: inputenc 2018/08/11 v1.3c Input encoding file
\inpenc@prehook=\toks45
\inpenc@posthook=\toks46

(/usr/share/texlive/texmf-dist/tex/latex/ucs/utf8x.def
File: utf8x.def 2004/10/17 UCS: Input encoding UTF-8
))
(/usr/share/texlive/texmf-dist/tex/latex/ucs/ucs.sty
Package: ucs 2013/05/11 v2.2 UCS: Unicode input support

(/usr/share/texlive/texmf-dist/tex/latex/ucs/data/uni-global.def
File: uni-global.def 2013/05/13 UCS: Unicode global data
)
\uc@secondtry=\count348
\uc@combtoks=\toks47
\uc@combtoksb=\toks48
\uc@temptokena=\toks49
)
(/usr/share/texlive/texmf-dist/tex/generic/pgf/frontendlayer/tikz/libraries/tik
zlibrarybabel.code.tex
File: tikzlibrarybabel.code.tex 2020/01/08 v3.1.5b (3.1.5b)
) (/usr/share/texmf/tex/latex/lm/lmodern.sty
Package: lmodern 2009/10/30 v1.6 Latin Modern Fonts
LaTeX Font Info:    Overwriting symbol font `operators' in version `normal'
(Font)                  OT1/cmr/m/n --> OT1/lmr/m/n on input line 22.
LaTeX Font Info:    Overwriting symbol font `letters' in version `normal'
(Font)                  OML/cmm/m/it --> OML/lmm/m/it on input line 23.
LaTeX Font Info:    Overwriting symbol font `symbols' in version `normal'
(Font)                  OMS/cmsy/m/n --> OMS/lmsy/m/n on input line 24.
LaTeX Font Info:    Overwriting symbol font `largesymbols' in version `normal'
(Font)                  OMX/cmex/m/n --> OMX/lmex/m/n on input line 25.
LaTeX Font Info:    Overwriting symbol font `operators' in version `bold'
(Font)                  OT1/cmr/bx/n --> OT1/lmr/bx/n on input line 26.
LaTeX Font Info:    Overwriting symbol font `letters' in version `bold'
(Font)                  OML/cmm/b/it --> OML/lmm/b/it on input line 27.
LaTeX Font Info:    Overwriting symbol font `symbols' in version `bold'
(Font)                  OMS/cmsy/b/n --> OMS/lmsy/b/n on input line 28.
LaTeX Font Info:    Overwriting symbol font `largesymbols' in version `bold'
(Font)                  OMX/cmex/m/n --> OMX/lmex/m/n on input line 29.
LaTeX Font Info:    Overwriting math alphabet `\mathbf' in version `normal'
(Font)                  OT1/cmr/bx/n --> OT1/lmr/bx/n on input line 31.
LaTeX Font Info:    Overwriting math alphabet `\mathsf' in version `normal'
(Font)                  OT1/cmss/m/n --> OT1/lmss/m/n on input line 32.
LaTeX Font Info:    Overwriting math alphabet `\mathit' in version `normal'
(Font)                  OT1/cmr/m/it --> OT1/lmr/m/it on input line 33.
LaTeX Font Info:    Overwriting math alphabet `\mathtt' in version `normal'
(Font)                  OT1/cmtt/m/n --> OT1/lmtt/m/n on input line 34.
LaTeX Font Info:    Overwriting math alphabet `\mathbf' in version `bold'
(Font)                  OT1/cmr/bx/n --> OT1/lmr/bx/n on input line 35.
LaTeX Font Info:    Overwriting math alphabet `\mathsf' in version `bold'
(Font)                  OT1/cmss/bx/n --> OT1/lmss/bx/n on input line 36.
LaTeX Font Info:    Overwriting math alphabet `\mathit' in version `bold'
(Font)                  OT1/cmr/bx/it --> OT1/lmr/bx/it on input line 37.
LaTeX Font Info:    Overwriting math alphabet `\mathtt' in version `bold'
(Font)                  OT1/cmtt/m/n --> OT1/lmtt/m/n on input line 38.
)
(/usr/share/texlive/texmf-dist/tex/latex/base/fontenc.sty
Package: fontenc 2020/02/11 v2.0o Standard LaTeX package
LaTeX Font Info:    Trying to load font information for T1+lmss on input line 1
12.

(/usr/share/texmf/tex/latex/lm/t1lmss.fd
File: t1lmss.fd 2009/10/30 v1.6 Font defs for Latin Modern
))
(/usr/share/texlive/texmf-dist/tex/latex/tools/theorem.sty
Package: theorem 2014/10/28 v2.2c Theorem extension package (FMi)
\theorem@style=\toks50
\theorem@bodyfont=\toks51
\theorempreskipamount=\skip63
\theorempostskipamount=\skip64

(/usr/share/texlive/texmf-dist/tex/latex/tools/thp.sty
File: thp.sty 2014/10/28 v2.2c Theorem extension package (FMi)
))
(/usr/share/texlive/texmf-dist/tex/generic/xypic/xy.sty
(/usr/share/texlive/texmf-dist/tex/generic/xypic/xy.tex Bootstrap'ing:
catcodes, docmode, (/usr/share/texlive/texmf-dist/tex/generic/xypic/xyrecat.tex
) (/usr/share/texlive/texmf-dist/tex/generic/xypic/xyidioms.tex)

 Xy-pic version 3.8.9 <2013/10/06>
 Copyright (c) 1991-2013 by Kristoffer H. Rose <krisrose@tug.org> and others
 Xy-pic is free software: see the User's Guide for details.

Loading kernel: messages; fonts; allocations: state,
\X@c=\dimen295
\Y@c=\dimen296
\U@c=\dimen297
\D@c=\dimen298
\L@c=\dimen299
\R@c=\dimen300
\Edge@c=\toks52
\X@p=\dimen301
\Y@p=\dimen302
\U@p=\dimen303
\D@p=\dimen304
\L@p=\dimen305
\R@p=\dimen306
\Edge@p=\toks53
\X@origin=\dimen307
\Y@origin=\dimen308
\X@xbase=\dimen309
\Y@xbase=\dimen310
\X@ybase=\dimen311
\Y@ybase=\dimen312
\X@min=\dimen313
\Y@min=\dimen314
\X@max=\dimen315
\Y@max=\dimen316
\lastobjectbox@=\box81
\zerodotbox@=\box82
\almostz@=\dimen317
 direction,
\d@X=\dimen318
\d@Y=\dimen319
\K@=\count349
\KK@=\count350
\Direction=\count351
\K@dXdY=\dimen320
\K@dYdX=\dimen321
\xyread@=\read3
\xywrite@=\write5
\csp@=\count352
\quotPTK@=\dimen322

utility macros; pictures: \xy, positions,
\swaptoks@@=\toks54
\connectobjectbox@@=\box83
 objects,
\styletoks@=\toks55
 decorations;
kernel objects: directionals, circles, text; options; algorithms: directions,
edges, connections;  Xy-pic loaded)
Package: xy 2013/10/06 Xy-pic version 3.8.9

(/usr/share/texlive/texmf-dist/tex/generic/xypic/xyall.tex
 Xy-pic option: All features v.3.8
(/usr/share/texlive/texmf-dist/tex/generic/xypic/xycurve.tex
 Xy-pic option: Curve and Spline extension v.3.12 curve,
\crv@cnt@=\count353
\crvpts@=\toks56
\splinebox@=\box84
\splineval@=\dimen323
\splinedepth@=\dimen324
\splinetol@=\dimen325
\splinelength@=\dimen326
 circles,
\L@=\dimen327
 loaded)
(/usr/share/texlive/texmf-dist/tex/generic/xypic/xyframe.tex
 Xy-pic option: Frame and Bracket extension v.3.14 loaded)
(/usr/share/texlive/texmf-dist/tex/generic/xypic/xycmtip.tex
 Xy-pic option: Computer Modern tip extension v.3.7
(/usr/share/texlive/texmf-dist/tex/generic/xypic/xytips.tex
 Xy-pic option: More Tips extension v.3.11 loaded) loaded)
(/usr/share/texlive/texmf-dist/tex/generic/xypic/xyline.tex
 Xy-pic option: Line styles extension v.3.10
\xylinethick@=\dimen328
 loaded)
(/usr/share/texlive/texmf-dist/tex/generic/xypic/xyrotate.tex
 Xy-pic option: Rotate and Scale extension v.3.8 loaded)
(/usr/share/texlive/texmf-dist/tex/generic/xypic/xycolor.tex
 Xy-pic option: Colour extension v.3.11 loaded)
(/usr/share/texlive/texmf-dist/tex/generic/xypic/xymatrix.tex
 Xy-pic option: Matrix feature v.3.14
\Row=\count354
\Col=\count355
\queue@=\toks57
\queue@@=\toks58
\qcount@=\count356
\qcount@@=\count357
\matrixsize@=\count358
 loaded)
(/usr/share/texlive/texmf-dist/tex/generic/xypic/xyarrow.tex
 Xy-pic option: Arrow and Path feature v.3.9 path, \ar, loaded)
(/usr/share/texlive/texmf-dist/tex/generic/xypic/xygraph.tex
 Xy-pic option: Graph feature v.3.11 loaded) loaded)
(/usr/share/texlive/texmf-dist/tex/generic/xypic/xypdf.tex
 Xy-pic option: PDF driver v.1.7 Xy-pic pdf driver: `color' extension support
(/usr/share/texlive/texmf-dist/tex/generic/xypic/xypdf-co.tex loaded)
Xy-pic pdf driver: `curve' extension support
(/usr/share/texlive/texmf-dist/tex/generic/xypic/xypdf-cu.tex loaded)
Xy-pic pdf driver: `frame' extension support
(/usr/share/texlive/texmf-dist/tex/generic/xypic/xypdf-fr.tex loaded)
Xy-pic pdf driver: `line' extension support
(/usr/share/texlive/texmf-dist/tex/generic/xypic/xypdf-li.tex loaded)
Xy-pic pdf driver: `rotate' extension support
(/usr/share/texlive/texmf-dist/tex/generic/xypic/xypdf-ro.tex loaded) loaded))
(/usr/share/texlive/texmf-dist/tex/latex/base/textcomp.sty
Package: textcomp 2020/02/02 v2.0n Standard LaTeX package
)
(/usr/share/texlive/texmf-dist/tex/latex/pstricks/pstricks.sty
Package: pstricks 2018/12/21 v0.69 LaTeX wrapper for `PSTricks' (RN,HV)

(/usr/share/texlive/texmf-dist/tex/latex/tools/shellesc.sty
Package: shellesc 2019/11/08 v1.0c unified shell escape interface for LaTeX
Package shellesc Info: Restricted shell escape enabled on input line 77.
)
(/usr/share/texlive/texmf-dist/tex/generic/xkeyval/pst-xkey.tex
File: pst-xkey.tex 2005/11/25 v1.6 PSTricks specialization of xkeyval (HA)

(/usr/share/texlive/texmf-dist/tex/latex/xkeyval/xkeyval.sty
Package: xkeyval 2014/12/03 v2.7a package option processing (HA)

(/usr/share/texlive/texmf-dist/tex/generic/xkeyval/xkeyval.tex
(/usr/share/texlive/texmf-dist/tex/generic/xkeyval/xkvutils.tex
\XKV@toks=\toks59
\XKV@tempa@toks=\toks60
)
\XKV@depth=\count359
File: xkeyval.tex 2014/12/03 v2.7a key=value parser (HA)
)))
(/usr/share/texlive/texmf-dist/tex/generic/pstricks/pstricks.tex
(/usr/share/texlive/texmf-dist/tex/generic/pstricks/pst-fp.tex
`pst-fp' v0.05, 2010/01/17 (hv)
\pstFP@xs=\count360
\pstFP@xia=\count361
\pstFP@xib=\count362
\pstFP@xfa=\count363
\pstFP@xfb=\count364
\pstFP@rega=\count365
\pstFP@regb=\count366
\pstFP@regs=\count367
\pstFP@times=\count368
)
\psLoopIndex=\count369

`PSTricks' v2.97  <2019/05/11> (tvz,hv)
\pst@dima=\dimen329
\pst@dimb=\dimen330
\pst@dimc=\dimen331
\pst@dimd=\dimen332
\pst@dimg=\dimen333
\pst@dimh=\dimen334
\pst@dimm=\dimen335
\pst@dimn=\dimen336
\pst@dimo=\dimen337
\pst@dimp=\dimen338
\pst@hbox=\box85
\pst@ibox=\box86
\pst@boxg=\box87
\pst@cnta=\count370
\pst@cntb=\count371
\pst@cntc=\count372
\pst@cntd=\count373
\pst@cntg=\count374
\pst@cnth=\count375
\pst@cntm=\count376
\pst@cntn=\count377
\pst@cnto=\count378
\pst@cntp=\count379
\@zero=\count380
\pst@toks=\toks61
(/usr/share/texlive/texmf-dist/tex/generic/pstricks/pstricks.con)
\psunit=\dimen339
\psxunit=\dimen340
\psyunit=\dimen341
\pst@C@@rType=\count381
\pslinewidth=\dimen342
\psk@startLW=\dimen343
\psk@endLW=\dimen344
\pst@customdefs=\toks62
\pslinearc=\dimen345
\pst@symbolStep=\dimen346
\pst@symbolWidth=\dimen347
\pst@symbolLinewidth=\dimen348
\everypsbox=\toks63
\psframesep=\dimen349
\pslabelsep=\dimen350
\sh@wgridXunit=\dimen351
\sh@wgridYunit=\dimen352
\pst@shift=\dimen353
)
File: pstricks.tex 2019/05/11 v2.97 `PSTricks' (tvz,hv)

(/usr/share/texlive/texmf-dist/tex/generic/pstricks/pst-fp.tex)
File: pst-fp.tex 2019/05/11 v2.97 `PST-fp' (hv)
)
(/usr/share/texlive/texmf-dist/tex/latex/pst-plot/pst-plot.sty
Package: pst-plot 2011/06/05 v1.00 LaTeX wrapper for `pst-plot' (HV)

(/usr/share/texlive/texmf-dist/tex/latex/xkeyval/pst-xkey.sty
Package: pst-xkey 2005/11/25 v1.6 package wrapper for pst-xkey.tex (HA)
)
(/usr/share/texlive/texmf-dist/tex/latex/multido/multido.sty
Package: multido 2004/05/17 package wrapper for PSTricks `multido.tex', (HV/RN)


(/usr/share/texlive/texmf-dist/tex/generic/multido/multido.tex
 v1.42, 2010/05/14 <tvz>
\multido@count=\count382
\multidocount=\count383
\multido@stuff=\toks64
)
File: multido.tex 2010/05/14 v1.42 `multido' (tvz,hv)
)
Package: pst-plot 2011/04/13 package wrapper for pst-plot.tex (hv)

(/usr/share/texlive/texmf-dist/tex/generic/pst-plot/pst-plot.tex
(/usr/share/texlive/texmf-dist/tex/generic/pst-tools/pst-tools.tex
`PST-tools' v0.09b, 2017/12/03 (hv))
(/usr/share/texlive/texmf-dist/tex/generic/pstricks-add/pstricks-add.tex
(/usr/share/texlive/texmf-dist/tex/generic/pst-node/pst-node.tex
 v1.42, 2019/03/03
\psrow=\count384
\pscol=\count385
\psmatrixcnt=\count386
\psrowsep=\skip65
\pscolsep=\skip66
\pst@args=\count387
\num@pts=\count388
\pst@argcnt=\count389
)
(/usr/share/texlive/texmf-dist/tex/generic/pst-arrow/pst-arrow.tex
`pst-arrow' v0.01, 2016/09/01 (dr,hv)
\pshooklength=\dimen354
\pshookwidth=\dimen355
)
(/usr/share/texlive/texmf-dist/tex/generic/pst-3d/pst-3d.tex
`PST-3d' v1.11, 2010/02/14 (tvz))
(/usr/share/texlive/texmf-dist/tex/generic/pst-math/pst-math.tex
`pst-math' v0.64 , (CJ,hv)) `pstricks-add' v3.89a, 2020/02/12 (dr,hv)
\psparallelogramsep=\dimen356
\pst@cntC=\count390
\pst@stepcount=\count391
\chart@ColorIndex=\dimen357
\chart@ColorStep=\dimen358
\pst@chartHeight=\dimen359
\pst@chartStackDepth=\dimen360
\pst@chartStackWidth=\dimen361
\chart@Toggle=\count392
\psVectorCtr=\count393
)
 v1.92, 2019/05/16 (tvz,hv)
\pstRadUnit=\dimen362
\pstRadUnitInv=\dimen363
\pst@linecnt=\count394
\RCD@file=\read4
\psxlabelsep=\dimen364
\psylabelsep=\dimen365
\psk@subticksize=\dimen366
\pst@xticksizeA=\dimen367
\pst@xticksizeB=\dimen368
\pst@xticksizeC=\dimen369
\pst@yticksizeA=\dimen370
\pst@yticksizeB=\dimen371
\pst@yticksizeC=\dimen372
\@digitcounter=\count395
\psk@llx=\dimen373
\psk@lly=\dimen374
\psk@urx=\dimen375
\psk@ury=\dimen376
\pst@xunit=\dimen377
\pst@yunit=\dimen378
)
File: pst-plot.tex 2019/05/16 1.92 `pst-plot' (tvz,hv)
)
(/usr/share/texlive/texmf-dist/tex/latex/pstricks-add/pstricks-add.sty
(/usr/share/texlive/texmf-dist/tex/latex/pst-node/pst-node.sty
Package: pst-node 2012/09/18 v1.01 LaTeX wrapper for `pst-node' (HV)
Package: pst-node 2010/04/22 package wrapper for pst-node.tex

(/usr/share/texlive/texmf-dist/tex/generic/pst-node/pst-node.tex)
File: pst-node.tex 2019/05/16 1.92 `pst-node' (tvz,hv)
)
(/usr/share/texlive/texmf-dist/tex/latex/pst-3d/pst-3d.sty
Package: pst-3d 2009/07/28 package wrapper for pst-3d.tex (hv)

(/usr/share/texlive/texmf-dist/tex/generic/pst-3d/pst-3d.tex)
File: pst-3d.tex 2019/05/16 v1.92 `PST-3d' (hv)
)
(/usr/share/texlive/texmf-dist/tex/latex/pst-math/pst-math.sty
Package: pst-math 2018/12/16 v 0.65 package wrapper for PSTricks pst-math.tex

(/usr/share/texlive/texmf-dist/tex/latex/pst-calculate/pst-calculate.sty
Package: pst-calculate 2019/01/24 v. 0.02(Herbert Voss) Support for caculations
 with floating point numbers.

(/usr/share/texlive/texmf-dist/tex/latex/l3packages/xparse/xparse.sty
(/usr/share/texlive/texmf-dist/tex/latex/l3kernel/expl3.sty
Package: expl3 2020-02-14 L3 programming layer (loader) 

(/usr/share/texlive/texmf-dist/tex/latex/l3backend/l3backend-pdfmode.def
File: l3backend-pdfmode.def 2020-02-03 L3 backend support: PDF mode
\l__kernel_color_stack_int=\count396
\l__pdf_internal_box=\box88
))
Package: xparse 2020-02-14 L3 Experimental document command parser
\l__xparse_current_arg_int=\count397
\g__xparse_grabber_int=\count398
\l__xparse_m_args_int=\count399
\l__xparse_v_nesting_int=\count400
)
(/usr/share/texlive/texmf-dist/tex/latex/siunitx/siunitx.sty
Package: siunitx 2020/01/15 v2.7u A comprehensive (SI) units package

(/usr/share/texlive/texmf-dist/tex/latex/tools/array.sty
Package: array 2019/08/31 v2.4l Tabular extension package (FMi)
\col@sep=\dimen379
\ar@mcellbox=\box89
\extrarowheight=\dimen380
\NC@list=\toks65
\extratabsurround=\skip67
\backup@length=\skip68
\ar@cellbox=\box90
)
(/usr/share/texlive/texmf-dist/tex/latex/l3packages/l3keys2e/l3keys2e.sty
Package: l3keys2e 2020-02-14 LaTeX2e option processing using LaTeX3 keys
)
\l__siunitx_tmp_box=\box91
\l__siunitx_tmp_dim=\dimen381
\l__siunitx_tmp_int=\count401
\l__siunitx_number_mantissa_length_int=\count402
\l__siunitx_number_uncert_length_int=\count403
\l__siunitx_round_int=\count404
\l__siunitx_process_decimal_int=\count405
\l__siunitx_process_uncertainty_int=\count406
\l__siunitx_process_fixed_int=\count407
\l__siunitx_process_integer_min_int=\count408
\l__siunitx_process_precision_int=\count409
\l__siunitx_group_min_int=\count410
\l__siunitx_angle_marker_box=\box92
\l__siunitx_angle_unit_box=\box93
\l__siunitx_angle_marker_dim=\dimen382
\l__siunitx_angle_unit_dim=\dimen383
\l__siunitx_unit_int=\count411
\l__siunitx_unit_denominator_int=\count412
\l__siunitx_unit_numerator_int=\count413
\l__siunitx_unit_prefix_int=\count414
\l__siunitx_unit_prefix_base_int=\count415
\l__siunitx_unit_prefix_gram_int=\count416
\l__siunitx_number_product_int=\count417
\c__siunitx_one_fill_skip=\skip69
\l__siunitx_table_unit_align_skip=\skip70
\l__siunitx_table_exponent_dim=\dimen384
\l__siunitx_table_integer_dim=\dimen385
\l__siunitx_table_mantissa_dim=\dimen386
\l__siunitx_table_marker_dim=\dimen387
\l__siunitx_table_result_dim=\dimen388
\l__siunitx_table_uncert_dim=\dimen389
\l__siunitx_table_fill_pre_dim=\dimen390
\l__siunitx_table_fill_post_dim=\dimen391
\l__siunitx_table_fill_mid_dim=\dimen392
\l__siunitx_table_pre_box=\box94
\l__siunitx_table_post_box=\box95
\l__siunitx_table_mantissa_box=\box96
\l__siunitx_table_result_box=\box97
\l__siunitx_table_number_align_skip=\skip71
\l__siunitx_table_text_align_skip=\skip72
))
(/usr/share/texlive/texmf-dist/tex/generic/iftex/ifluatex.sty
Package: ifluatex 2019/10/25 v1.5 ifluatex legacy package. Use iftex instead.
)
(/usr/share/texlive/texmf-dist/tex/generic/xstring/xstring.sty
(/usr/share/texlive/texmf-dist/tex/generic/xstring/xstring.tex
\integerpart=\count418
\decimalpart=\count419
)
Package: xstring 2019/02/06 v1.83 String manipulations (CT)
)
(/usr/share/texlive/texmf-dist/tex/generic/pst-math/pst-math.tex)
File: pst-math.tex 2019/05/16 v1.92 `PST-math' (hv)
\c@Rand@No=\count420
\c@Random@Left=\count421
\c@Random@Right=\count422
\c@Random@No@max=\count423
)
Package: pstricks-add 2018/02/04 v. 0.16 package wrapper for pstricks-add.tex (
hv)

(/usr/share/texlive/texmf-dist/tex/generic/pstricks-add/pstricks-add.tex)
File: pstricks-add.tex 2019/05/16 v1.92 `PSTricks-add' (hv)
)
(/usr/share/texlive/texmf-dist/tex/latex/tools/bm.sty
Package: bm 2019/07/24 v1.2d Bold Symbol Support (DPC/FMi)
\symboldoperators=\mathgroup6
\symboldletters=\mathgroup7
\symboldsymbols=\mathgroup8
LaTeX Font Info:    Redeclaring math alphabet \mathbf on input line 141.
LaTeX Info: Redefining \bm on input line 209.
)
(/usr/share/texlive/texmf-dist/tex/latex/listings/listings.sty
\lst@mode=\count424
\lst@gtempboxa=\box98
\lst@token=\toks66
\lst@length=\count425
\lst@currlwidth=\dimen393
\lst@column=\count426
\lst@pos=\count427
\lst@lostspace=\dimen394
\lst@width=\dimen395
\lst@newlines=\count428
\lst@lineno=\count429
\lst@maxwidth=\dimen396

(/usr/share/texlive/texmf-dist/tex/latex/listings/lstmisc.sty
File: lstmisc.sty 2019/09/10 1.8c (Carsten Heinz)
\c@lstnumber=\count430
\lst@skipnumbers=\count431
\lst@framebox=\box99
)
(/usr/share/texlive/texmf-dist/tex/latex/listings/listings.cfg
File: listings.cfg 2019/09/10 1.8c listings configuration
))
Package: listings 2019/09/10 1.8c (Carsten Heinz)

(/usr/share/texlive/texmf-dist/tex/latex/ccaption/ccaption.sty
Package: ccaption 2011/08/07 v3.2c Extended captioning and new floats
\@contcwidth=\skip73
\@contindw=\skip74
\abovelegendskip=\skip75
\belowlegendskip=\skip76
\c@newflo@tctr=\count432
)
(/usr/share/texlive/texmf-dist/tex/latex/jknapltx/mathrsfs.sty
Package: mathrsfs 1996/01/01 Math RSFS package v1.0 (jk)
\symrsfs=\mathgroup9
)
(/usr/share/texlive/texmf-dist/tex/latex/eepic/epic.sty
Enhancements to Picture Environment. Version 1.2 - Released June 1, 1986
\@@multicnt=\count433
\d@lta=\count434
\@delta=\dimen397
\@@delta=\dimen398
\@gridcnt=\count435
\@joinkind=\count436
\@dotgap=\dimen399
\@ddotgap=\dimen400
\@x@diff=\count437
\@y@diff=\count438
\x@diff=\dimen401
\y@diff=\dimen402
\@dotbox=\box100
\num@segments=\count439
\num@segmentsi=\count440
\@datafile=\read5
) (/usr/share/texlive/texmf-dist/tex/latex/eepic/eepic.sty
Extension to Epic and LaTeX. Version 1.1e - Released Dec 21, 1999
\@gphlinewidth=\count441
\@eepictcnt=\count442
\@tempdimc=\dimen403
\maxovaldiam=\dimen404
\@filltype=\box101
) (/usr/share/texlive/texmf-dist/tex/latex/tools/multicol.sty
Package: multicol 2019/12/09 v1.8y multicolumn formatting (FMi)
\c@tracingmulticols=\count443
\mult@box=\box102
\multicol@leftmargin=\dimen405
\c@unbalance=\count444
\c@collectmore=\count445
\doublecol@number=\count446
\multicoltolerance=\count447
\multicolpretolerance=\count448
\full@width=\dimen406
\page@free=\dimen407
\premulticols=\dimen408
\postmulticols=\dimen409
\multicolsep=\skip77
\multicolbaselineskip=\skip78
\partial@page=\box103
\last@line=\box104
\maxbalancingoverflow=\dimen410
\mult@rightbox=\box105
\mult@grightbox=\box106
\mult@gfirstbox=\box107
\mult@firstbox=\box108
\@tempa=\box109
\@tempa=\box110
\@tempa=\box111
\@tempa=\box112
\@tempa=\box113
\@tempa=\box114
\@tempa=\box115
\@tempa=\box116
\@tempa=\box117
\@tempa=\box118
\@tempa=\box119
\@tempa=\box120
\@tempa=\box121
\@tempa=\box122
\@tempa=\box123
\@tempa=\box124
\@tempa=\box125
\@tempa=\box126
\@tempa=\box127
\@tempa=\box128
\@tempa=\box129
\@tempa=\box130
\@tempa=\box131
\@tempa=\box132
\@tempa=\box133
\@tempa=\box134
\@tempa=\box135
\@tempa=\box136
\@tempa=\box137
\@tempa=\box138
\@tempa=\box139
\@tempa=\box140
\@tempa=\box141
\@tempa=\box142
\@tempa=\box143
\@tempa=\box144
\@tempa=\box145
\c@minrows=\count449
\c@columnbadness=\count450
\c@finalcolumnbadness=\count451
\last@try=\dimen411
\multicolovershoot=\dimen412
\multicolundershoot=\dimen413
\mult@nat@firstbox=\box146
\colbreak@box=\box147
\mc@col@check@num=\count452
)
(/usr/share/texlive/texmf-dist/tex/latex/colortbl/colortbl.sty
Package: colortbl 2020/01/04 v1.0e Color table columns (DPC)
\everycr=\toks67
\minrowclearance=\skip79
) (./pres.aux)
\openout1 = `pres.aux'.

LaTeX Font Info:    Checking defaults for OML/cmm/m/it on input line 40.
LaTeX Font Info:    ... okay on input line 40.
LaTeX Font Info:    Checking defaults for OMS/cmsy/m/n on input line 40.
LaTeX Font Info:    ... okay on input line 40.
LaTeX Font Info:    Checking defaults for OT1/cmr/m/n on input line 40.
LaTeX Font Info:    ... okay on input line 40.
LaTeX Font Info:    Checking defaults for T1/cmr/m/n on input line 40.
LaTeX Font Info:    ... okay on input line 40.
LaTeX Font Info:    Checking defaults for TS1/cmr/m/n on input line 40.
LaTeX Font Info:    ... okay on input line 40.
LaTeX Font Info:    Checking defaults for OMX/cmex/m/n on input line 40.
LaTeX Font Info:    ... okay on input line 40.
LaTeX Font Info:    Checking defaults for U/cmr/m/n on input line 40.
LaTeX Font Info:    ... okay on input line 40.
LaTeX Font Info:    Checking defaults for PD1/pdf/m/n on input line 40.
LaTeX Font Info:    ... okay on input line 40.

*geometry* driver: auto-detecting
*geometry* detected driver: pdftex
*geometry* verbose mode - [ preamble ] result:
* driver: pdftex
* paper: custom
* layout: <same size as paper>
* layoutoffset:(h,v)=(0.0pt,0.0pt)
* modes: includehead includefoot 
* h-part:(L,W,R)=(28.45274pt, 307.28987pt, 28.45274pt)
* v-part:(T,H,B)=(0.0pt, 273.14662pt, 0.0pt)
* \paperwidth=364.19536pt
* \paperheight=273.14662pt
* \textwidth=307.28987pt
* \textheight=244.6939pt
* \oddsidemargin=-43.81725pt
* \evensidemargin=-43.81725pt
* \topmargin=-72.26999pt
* \headheight=14.22636pt
* \headsep=0.0pt
* \topskip=11.0pt
* \footskip=14.22636pt
* \marginparwidth=4.0pt
* \marginparsep=10.0pt
* \columnsep=10.0pt
* \skip\footins=10.0pt plus 4.0pt minus 2.0pt
* \hoffset=0.0pt
* \voffset=0.0pt
* \mag=1000
* \@twocolumnfalse
* \@twosidefalse
* \@mparswitchfalse
* \@reversemarginfalse
* (1in=72.27pt=25.4mm, 1cm=28.453pt)

(/usr/share/texlive/texmf-dist/tex/context/base/mkii/supp-pdf.mkii
[Loading MPS to PDF converter (version 2006.09.02).]
\scratchcounter=\count453
\scratchdimen=\dimen414
\scratchbox=\box148
\nofMPsegments=\count454
\nofMParguments=\count455
\everyMPshowfont=\toks68
\MPscratchCnt=\count456
\MPscratchDim=\dimen415
\MPnumerator=\count457
\makeMPintoPDFobject=\count458
\everyMPtoPDFconversion=\toks69
) (/usr/share/texlive/texmf-dist/tex/latex/epstopdf-pkg/epstopdf-base.sty
Package: epstopdf-base 2020-01-24 v2.11 Base part for package epstopdf
Package epstopdf-base Info: Redefining graphics rule for `.eps' on input line 4
85.

(/usr/share/texlive/texmf-dist/tex/latex/latexconfig/epstopdf-sys.cfg
File: epstopdf-sys.cfg 2010/07/13 v1.3 Configuration of (r)epstopdf for TeX Liv
e
))
ABD: EveryShipout initializing macros
\AtBeginShipoutBox=\box149
Package hyperref Info: Link coloring OFF on input line 40.

(/usr/share/texlive/texmf-dist/tex/latex/hyperref/nameref.sty
Package: nameref 2019/09/16 v2.46 Cross-referencing by name of section

(/usr/share/texlive/texmf-dist/tex/latex/refcount/refcount.sty
Package: refcount 2019/12/15 v3.6 Data extraction from label references (HO)
)
(/usr/share/texlive/texmf-dist/tex/generic/gettitlestring/gettitlestring.sty
Package: gettitlestring 2019/12/15 v1.6 Cleanup title references (HO)
)
\c@section@level=\count459
)
LaTeX Info: Redefining \ref on input line 40.
LaTeX Info: Redefining \pageref on input line 40.
LaTeX Info: Redefining \nameref on input line 40.

(./pres.out) (./pres.out)
\@outlinefile=\write6
\openout6 = `pres.out'.

LaTeX Font Info:    Overwriting symbol font `operators' in version `normal'
(Font)                  OT1/lmr/m/n --> OT1/cmss/m/n on input line 40.
LaTeX Font Info:    Overwriting symbol font `operators' in version `bold'
(Font)                  OT1/lmr/bx/n --> OT1/cmss/b/n on input line 40.
LaTeX Font Info:    Overwriting symbol font `operators' in version `normal'
(Font)                  OT1/cmss/m/n --> OT1/lmss/m/n on input line 40.
LaTeX Font Info:    Overwriting symbol font `operators' in version `bold'
(Font)                  OT1/cmss/b/n --> OT1/lmss/b/n on input line 40.
\symnumbers=\mathgroup10
\sympureletters=\mathgroup11
LaTeX Font Info:    Overwriting math alphabet `\mathrm' in version `normal'
(Font)                  OT1/lmss/m/n --> T1/lmr/m/n on input line 40.
LaTeX Font Info:    Redeclaring math alphabet \mathbf on input line 40.
LaTeX Font Info:    Redeclaring math alphabet \mathsf on input line 40.
LaTeX Font Info:    Overwriting math alphabet `\mathsf' in version `normal'
(Font)                  OT1/lmss/m/n --> T1/lmss/m/n on input line 40.
LaTeX Font Info:    Overwriting math alphabet `\mathsf' in version `bold'
(Font)                  OT1/lmss/bx/n --> T1/lmss/m/n on input line 40.
LaTeX Font Info:    Redeclaring math alphabet \mathit on input line 40.
LaTeX Font Info:    Overwriting math alphabet `\mathit' in version `normal'
(Font)                  OT1/lmr/m/it --> T1/lmss/m/it on input line 40.
LaTeX Font Info:    Overwriting math alphabet `\mathit' in version `bold'
(Font)                  OT1/lmr/bx/it --> T1/lmss/m/it on input line 40.
LaTeX Font Info:    Redeclaring math alphabet \mathtt on input line 40.
LaTeX Font Info:    Overwriting math alphabet `\mathtt' in version `normal'
(Font)                  OT1/lmtt/m/n --> T1/lmtt/m/n on input line 40.
LaTeX Font Info:    Overwriting math alphabet `\mathtt' in version `bold'
(Font)                  OT1/lmtt/m/n --> T1/lmtt/m/n on input line 40.
LaTeX Font Info:    Overwriting symbol font `numbers' in version `bold'
(Font)                  T1/lmss/m/n --> T1/lmss/b/n on input line 40.
LaTeX Font Info:    Overwriting symbol font `pureletters' in version `bold'
(Font)                  T1/lmss/m/it --> T1/lmss/b/it on input line 40.
LaTeX Font Info:    Overwriting math alphabet `\mathrm' in version `bold'
(Font)                  OT1/lmss/b/n --> T1/lmr/b/n on input line 40.
LaTeX Font Info:    Overwriting math alphabet `\mathbf' in version `bold'
(Font)                  T1/lmss/b/n --> T1/lmss/b/n on input line 40.
LaTeX Font Info:    Overwriting math alphabet `\mathsf' in version `bold'
(Font)                  T1/lmss/m/n --> T1/lmss/b/n on input line 40.
LaTeX Font Info:    Overwriting math alphabet `\mathit' in version `bold'
(Font)                  T1/lmss/m/it --> T1/lmss/b/it on input line 40.
LaTeX Font Info:    Overwriting math alphabet `\mathtt' in version `bold'
(Font)                  T1/lmtt/m/n --> T1/lmtt/b/n on input line 40.

(/usr/share/texlive/texmf-dist/tex/latex/translator/translator-basic-dictionary
-English.dict
Dictionary: translator-basic-dictionary, Language: English 
)
(/usr/share/texlive/texmf-dist/tex/latex/translator/translator-bibliography-dic
tionary-English.dict
Dictionary: translator-bibliography-dictionary, Language: English 
)
(/usr/share/texlive/texmf-dist/tex/latex/translator/translator-environment-dict
ionary-English.dict
Dictionary: translator-environment-dictionary, Language: English 
)
(/usr/share/texlive/texmf-dist/tex/latex/translator/translator-months-dictionar
y-English.dict
Dictionary: translator-months-dictionary, Language: English 
)
(/usr/share/texlive/texmf-dist/tex/latex/translator/translator-numbers-dictiona
ry-English.dict
Dictionary: translator-numbers-dictionary, Language: English 
)
(/usr/share/texlive/texmf-dist/tex/latex/translator/translator-theorem-dictiona
ry-English.dict
Dictionary: translator-theorem-dictionary, Language: English 
) (/usr/share/texlive/texmf-dist/tex/latex/ragged2e/ragged2e.sty
Package: ragged2e 2019/07/28 v2.2 ragged2e Package (MS)
(/usr/share/texlive/texmf-dist/tex/latex/ms/everysel.sty
Package: everysel 2011/10/28 v1.2 EverySelectfont Package (MS)

ABD: EverySelectfont initializing macros
LaTeX Info: Redefining \selectfont on input line 126.
)
\CenteringLeftskip=\skip80
\RaggedLeftLeftskip=\skip81
\RaggedRightLeftskip=\skip82
\CenteringRightskip=\skip83
\RaggedLeftRightskip=\skip84
\RaggedRightRightskip=\skip85
\CenteringParfillskip=\skip86
\RaggedLeftParfillskip=\skip87
\RaggedRightParfillskip=\skip88
\JustifyingParfillskip=\skip89
\CenteringParindent=\skip90
\RaggedLeftParindent=\skip91
\RaggedRightParindent=\skip92
\JustifyingParindent=\skip93
)
(/usr/share/texlive/texmf-dist/tex/latex/ucs/ucsencs.def
File: ucsencs.def 2011/01/21 Fixes to fontencodings LGR, T3
)
LaTeX Font Info:    Trying to load font information for OT1+lmss on input line 
40.

(/usr/share/texmf/tex/latex/lm/ot1lmss.fd
File: ot1lmss.fd 2009/10/30 v1.6 Font defs for Latin Modern
)
LaTeX Font Info:    Trying to load font information for OML+lmm on input line 4
0.

(/usr/share/texmf/tex/latex/lm/omllmm.fd
File: omllmm.fd 2009/10/30 v1.6 Font defs for Latin Modern
)
LaTeX Font Info:    Trying to load font information for OMS+lmsy on input line 
40.

(/usr/share/texmf/tex/latex/lm/omslmsy.fd
File: omslmsy.fd 2009/10/30 v1.6 Font defs for Latin Modern
)
LaTeX Font Info:    Trying to load font information for OMX+lmex on input line 
40.

(/usr/share/texmf/tex/latex/lm/omxlmex.fd
File: omxlmex.fd 2009/10/30 v1.6 Font defs for Latin Modern
)
LaTeX Font Info:    External font `lmex10' loaded for size
(Font)              <10.95> on input line 40.
LaTeX Font Info:    External font `lmex10' loaded for size
(Font)              <8> on input line 40.
LaTeX Font Info:    External font `lmex10' loaded for size
(Font)              <6> on input line 40.
LaTeX Font Info:    Trying to load font information for U+msa on input line 40.


(/usr/share/texlive/texmf-dist/tex/latex/amsfonts/umsa.fd
File: umsa.fd 2013/01/14 v3.01 AMS symbols A
)
LaTeX Font Info:    Trying to load font information for U+msb on input line 40.


(/usr/share/texlive/texmf-dist/tex/latex/amsfonts/umsb.fd
File: umsb.fd 2013/01/14 v3.01 AMS symbols B
)
LaTeX Font Info:    Trying to load font information for OT1+lmr on input line 4
0.

(/usr/share/texmf/tex/latex/lm/ot1lmr.fd
File: ot1lmr.fd 2009/10/30 v1.6 Font defs for Latin Modern
)
LaTeX Font Info:    Trying to load font information for U+rsfs on input line 40
.

(/usr/share/texlive/texmf-dist/tex/latex/jknapltx/ursfs.fd
File: ursfs.fd 1998/03/24 rsfs font definition file (jk)
)
LaTeX Font Info:    Font shape `T1/lmss/m/it' in size <10.95> not available
(Font)              Font shape `T1/lmss/m/sl' tried instead on input line 40.
LaTeX Font Info:    Font shape `T1/lmss/m/it' in size <8> not available
(Font)              Font shape `T1/lmss/m/sl' tried instead on input line 40.
LaTeX Font Info:    Font shape `T1/lmss/m/it' in size <6> not available
(Font)              Font shape `T1/lmss/m/sl' tried instead on input line 40.
Package xypdf Info: Line width: 0.39998pt on input line 40.

(/usr/share/texlive/texmf-dist/tex/latex/siunitx/siunitx-abbreviations.cfg
File: siunitx-abbreviations.cfg 2017/11/26 v2.7k siunitx: Abbreviated units
)
\c@lstlisting=\count460

(./pres.nav)
Overfull \hbox (225.25024pt too wide) in paragraph at lines 40--40
 [][][][] []  
 []

LaTeX Font Info:    Trying to load font information for T1+lmtt on input line 4
0.
(/usr/share/texmf/tex/latex/lm/t1lmtt.fd
File: t1lmtt.fd 2009/10/30 v1.6 Font defs for Latin Modern
)
Overfull \vbox (14.82109pt too high) detected at line 41
 []


Overfull \hbox (225.25024pt too wide) has occurred while \output is active
 [][][][] []  
 []

[1
Non-PDF special ignored!
<special> header=pstricks.pro
Non-PDF special ignored!
<special> header=pst-algparser.pro
Non-PDF special ignored!
<special> header=pst-tools.pro
Non-PDF special ignored!
<special> header=pst-dots.pro
Non-PDF special ignored!
<special> header=pst-node.pro
Non-PDF special ignored!
<special> header=pst-3d.pro
Non-PDF special ignored!
<special> header=pst-math.pro
Non-PDF special ignored!
<special> header=pstricks-add.pro
{/var/lib/texmf/fonts/map/pdftex/updmap/pdftex.map}


Non-PDF special ignored!
<special> ps: /pssetRGBcolor /setrgbcolor load def /pssetCMYKcolor /setcmyk...
Non-PDF special ignored!
<special> ps:tx@Dict begin  gsave STV CP T /ps@rot 0 def grestore  end
Non-PDF special ignored!
<special> ps:tx@Dict begin  gsave STV CP T /ps@refangle 0.  def grestore  e...
Non-PDF special ignored!
<special> ps:tx@Dict begin  gsave STV CP T /ps@rot 0 def grestore  end
] (/usr/share/texlive/texmf-dist/tex/latex/ucs/data/uni-0.def
File: uni-0.def 2013/05/13 UCS: Unicode data U+0000..U+00FF
)
<Images/6R.png, id=149, 104.7915pt x 104.5506pt>
File: Images/6R.png Graphic file (type png)
<use Images/6R.png>
Package pdftex.def Info: Images/6R.png  used on input line 71.
(pdftex.def)             Requested size: 47.15573pt x 47.04733pt.
<Images/logoCoq.png, id=151, 225.84375pt x 225.84375pt>
File: Images/logoCoq.png Graphic file (type png)
<use Images/logoCoq.png>
Package pdftex.def Info: Images/logoCoq.png  used on input line 71.
(pdftex.def)             Requested size: 40.65012pt x 40.65012pt.
<Images/SCARAIK2.png, id=152, 1014.79124pt x 651.93562pt>
File: Images/SCARAIK2.png Graphic file (type png)
<use Images/SCARAIK2.png>
Package pdftex.def Info: Images/SCARAIK2.png  used on input line 71.
(pdftex.def)             Requested size: 71.04263pt x 45.64015pt.

Overfull \vbox (2.02908pt too high) detected at line 71
 []


Overfull \hbox (225.25024pt too wide) has occurred while \output is active
 [][][][] []  
 []

[2

 <./Images/6R.png> <./Images/logoCoq.png> <./Images/SCARAIK2.PNG>]
File: Images/6R.png Graphic file (type png)
<use Images/6R.png>
Package pdftex.def Info: Images/6R.png  used on input line 71.
(pdftex.def)             Requested size: 47.15573pt x 47.04733pt.
File: Images/logoCoq.png Graphic file (type png)
<use Images/logoCoq.png>
Package pdftex.def Info: Images/logoCoq.png  used on input line 71.
(pdftex.def)             Requested size: 40.65012pt x 40.65012pt.
File: Images/SCARAIK2.png Graphic file (type png)
<use Images/SCARAIK2.png>
Package pdftex.def Info: Images/SCARAIK2.png  used on input line 71.
(pdftex.def)             Requested size: 71.04263pt x 45.64015pt.

Overfull \vbox (2.02908pt too high) detected at line 71
 []


Overfull \hbox (225.25024pt too wide) has occurred while \output is active
 [][][][] []  
 []

[3

]
File: Images/6R.png Graphic file (type png)
<use Images/6R.png>
Package pdftex.def Info: Images/6R.png  used on input line 71.
(pdftex.def)             Requested size: 47.15573pt x 47.04733pt.
File: Images/logoCoq.png Graphic file (type png)
<use Images/logoCoq.png>
Package pdftex.def Info: Images/logoCoq.png  used on input line 71.
(pdftex.def)             Requested size: 40.65012pt x 40.65012pt.
File: Images/SCARAIK2.png Graphic file (type png)
<use Images/SCARAIK2.png>
Package pdftex.def Info: Images/SCARAIK2.png  used on input line 71.
(pdftex.def)             Requested size: 71.04263pt x 45.64015pt.

Overfull \vbox (2.02908pt too high) detected at line 71
 []


Overfull \hbox (225.25024pt too wide) has occurred while \output is active
 [][][][] []  
 []

[4

]
File: Images/6R.png Graphic file (type png)
<use Images/6R.png>
Package pdftex.def Info: Images/6R.png  used on input line 71.
(pdftex.def)             Requested size: 47.15573pt x 47.04733pt.
File: Images/logoCoq.png Graphic file (type png)
<use Images/logoCoq.png>
Package pdftex.def Info: Images/logoCoq.png  used on input line 71.
(pdftex.def)             Requested size: 40.65012pt x 40.65012pt.
File: Images/SCARAIK2.png Graphic file (type png)
<use Images/SCARAIK2.png>
Package pdftex.def Info: Images/SCARAIK2.png  used on input line 71.
(pdftex.def)             Requested size: 71.04263pt x 45.64015pt.

Overfull \vbox (2.02908pt too high) detected at line 71
 []


Overfull \hbox (225.25024pt too wide) has occurred while \output is active
 [][][][] []  
 []

[5

]
File: Images/6R.png Graphic file (type png)
<use Images/6R.png>
Package pdftex.def Info: Images/6R.png  used on input line 71.
(pdftex.def)             Requested size: 47.15573pt x 47.04733pt.
File: Images/logoCoq.png Graphic file (type png)
<use Images/logoCoq.png>
Package pdftex.def Info: Images/logoCoq.png  used on input line 71.
(pdftex.def)             Requested size: 40.65012pt x 40.65012pt.
File: Images/SCARAIK2.png Graphic file (type png)
<use Images/SCARAIK2.png>
Package pdftex.def Info: Images/SCARAIK2.png  used on input line 71.
(pdftex.def)             Requested size: 71.04263pt x 45.64015pt.

Overfull \vbox (2.02908pt too high) detected at line 71
 []


Overfull \hbox (225.25024pt too wide) has occurred while \output is active
 [][][][] []  
 []

[6

]
File: Images/6R.png Graphic file (type png)
<use Images/6R.png>
Package pdftex.def Info: Images/6R.png  used on input line 71.
(pdftex.def)             Requested size: 47.15573pt x 47.04733pt.
File: Images/logoCoq.png Graphic file (type png)
<use Images/logoCoq.png>
Package pdftex.def Info: Images/logoCoq.png  used on input line 71.
(pdftex.def)             Requested size: 40.65012pt x 40.65012pt.
File: Images/SCARAIK2.png Graphic file (type png)
<use Images/SCARAIK2.png>
Package pdftex.def Info: Images/SCARAIK2.png  used on input line 71.
(pdftex.def)             Requested size: 71.04263pt x 45.64015pt.

Overfull \vbox (2.02908pt too high) detected at line 71
 []


Overfull \hbox (225.25024pt too wide) has occurred while \output is active
 [][][][] []  
 []

[7

]
<Images/ariane.png, id=365, 643.40375pt x 615.29875pt>
File: Images/ariane.png Graphic file (type png)
<use Images/ariane.png>
Package pdftex.def Info: Images/ariane.png  used on input line 87.
(pdftex.def)             Requested size: 102.9467pt x 98.4498pt.

Overfull \vbox (38.92432pt too high) detected at line 87
 []


Overfull \hbox (225.25024pt too wide) has occurred while \output is active
 [][][][] []  
 []

[8

 <./Images/ariane.png>]
File: Images/ariane.png Graphic file (type png)
<use Images/ariane.png>
Package pdftex.def Info: Images/ariane.png  used on input line 87.
(pdftex.def)             Requested size: 102.9467pt x 98.4498pt.

Overfull \vbox (38.92432pt too high) detected at line 87
 []


Overfull \hbox (225.25024pt too wide) has occurred while \output is active
 [][][][] []  
 []

[9

]
File: Images/ariane.png Graphic file (type png)
<use Images/ariane.png>
Package pdftex.def Info: Images/ariane.png  used on input line 87.
(pdftex.def)             Requested size: 102.9467pt x 98.4498pt.

Overfull \vbox (38.92432pt too high) detected at line 87
 []


Overfull \hbox (225.25024pt too wide) has occurred while \output is active
 [][][][] []  
 []

[10

]
File: Images/ariane.png Graphic file (type png)
<use Images/ariane.png>
Package pdftex.def Info: Images/ariane.png  used on input line 87.
(pdftex.def)             Requested size: 102.9467pt x 98.4498pt.

Overfull \vbox (38.92432pt too high) detected at line 87
 []


Overfull \hbox (225.25024pt too wide) has occurred while \output is active
 [][][][] []  
 []

[11

]
Overfull \hbox (225.25024pt too wide) has occurred while \output is active
 [][][][] []  
 []

[12

]
Overfull \hbox (225.25024pt too wide) has occurred while \output is active
 [][][][] []  
 []

[13

]
Overfull \hbox (225.25024pt too wide) has occurred while \output is active
 [][][][] []  
 []

[14

]
Overfull \hbox (225.25024pt too wide) has occurred while \output is active
 [][][][] []  
 []

[15

]
Overfull \hbox (225.25024pt too wide) has occurred while \output is active
 [][][][] []  
 []

[16

]
Overfull \hbox (225.25024pt too wide) has occurred while \output is active
 [][][][] []  
 []

[17

]
Overfull \hbox (225.25024pt too wide) has occurred while \output is active
 [][][][] []  
 []

[18

]
Overfull \hbox (225.25024pt too wide) has occurred while \output is active
 [][][][] []  
 []

[19

]
Overfull \hbox (225.25024pt too wide) has occurred while \output is active
 [][][][] []  
 []

[20

]
Overfull \hbox (225.25024pt too wide) has occurred while \output is active
 [][][][] []  
 []

[21

]
Overfull \hbox (225.25024pt too wide) has occurred while \output is active
 [][][][] []  
 []

[22

]
Overfull \hbox (225.25024pt too wide) has occurred while \output is active
 [][][][] []  
 []

[23

]
Overfull \hbox (225.25024pt too wide) has occurred while \output is active
 [][][][] []  
 []

[24

]
Overfull \hbox (225.25024pt too wide) has occurred while \output is active
 [][][][] []  
 []

[25

]
Overfull \hbox (225.25024pt too wide) has occurred while \output is active
 [][][][] []  
 []

[26

]
LaTeX Font Info:    Font shape `OT1/lmss/b/n' in size <10.95> not available
(Font)              Font shape `OT1/lmss/bx/n' tried instead on input line 178.

LaTeX Font Info:    Font shape `OT1/lmss/b/n' in size <8> not available
(Font)              Font shape `OT1/lmss/bx/n' tried instead on input line 178.

LaTeX Font Info:    Font shape `OT1/lmss/b/n' in size <6> not available
(Font)              Font shape `OT1/lmss/bx/n' tried instead on input line 178.

LaTeX Font Info:    Font shape `T1/lmss/b/n' in size <10.95> not available
(Font)              Font shape `T1/lmss/bx/n' tried instead on input line 178.
LaTeX Font Info:    Font shape `T1/lmss/b/n' in size <8> not available
(Font)              Font shape `T1/lmss/bx/n' tried instead on input line 178.
LaTeX Font Info:    Font shape `T1/lmss/b/n' in size <6> not available
(Font)              Font shape `T1/lmss/bx/n' tried instead on input line 178.
LaTeX Font Info:    Font shape `T1/lmss/b/it' in size <10.95> not available
(Font)              Font shape `T1/lmss/bx/it' tried instead on input line 178.

LaTeX Font Info:    Font shape `T1/lmss/bx/it' in size <10.95> not available
(Font)              Font shape `T1/lmss/bx/sl' tried instead on input line 178.

LaTeX Font Info:    Font shape `T1/lmss/b/it' in size <8> not available
(Font)              Font shape `T1/lmss/bx/it' tried instead on input line 178.

LaTeX Font Info:    Font shape `T1/lmss/bx/it' in size <8> not available
(Font)              Font shape `T1/lmss/bx/sl' tried instead on input line 178.

LaTeX Font Info:    Font shape `T1/lmss/b/it' in size <6> not available
(Font)              Font shape `T1/lmss/bx/it' tried instead on input line 178.

LaTeX Font Info:    Font shape `T1/lmss/bx/it' in size <6> not available
(Font)              Font shape `T1/lmss/bx/sl' tried instead on input line 178.


Overfull \hbox (225.25024pt too wide) has occurred while \output is active
 [][][][] []  
 []

[27

]
Overfull \hbox (225.25024pt too wide) has occurred while \output is active
 [][][][] []  
 []

[28

]
Overfull \vbox (31.97194pt too high) detected at line 184
 []


Overfull \hbox (225.25024pt too wide) has occurred while \output is active
 [][][][] []  
 []

[29

]
Overfull \vbox (31.97194pt too high) detected at line 184
 []


Overfull \hbox (225.25024pt too wide) has occurred while \output is active
 [][][][] []  
 []

[30

]
<Images/bivecteur.png, id=1224, 1091.07625pt x 602.25pt>
File: Images/bivecteur.png Graphic file (type png)
<use Images/bivecteur.png>
Package pdftex.def Info: Images/bivecteur.png  used on input line 198.
(pdftex.def)             Requested size: 125.47945pt x 69.26189pt.

Overfull \vbox (4.42009pt too high) detected at line 198
 []


Overfull \hbox (225.25024pt too wide) has occurred while \output is active
 [][][][] []  
 []

[31

 <./Images/bivecteur.png>]
File: Images/bivecteur.png Graphic file (type png)
<use Images/bivecteur.png>
Package pdftex.def Info: Images/bivecteur.png  used on input line 198.
(pdftex.def)             Requested size: 125.47945pt x 69.26189pt.

Overfull \vbox (4.42009pt too high) detected at line 198
 []


Overfull \hbox (225.25024pt too wide) has occurred while \output is active
 [][][][] []  
 []

[32

]
File: Images/bivecteur.png Graphic file (type png)
<use Images/bivecteur.png>
Package pdftex.def Info: Images/bivecteur.png  used on input line 198.
(pdftex.def)             Requested size: 125.47945pt x 69.26189pt.

Overfull \vbox (4.42009pt too high) detected at line 198
 []


Overfull \hbox (225.25024pt too wide) has occurred while \output is active
 [][][][] []  
 []

[33

]
File: Images/bivecteur.png Graphic file (type png)
<use Images/bivecteur.png>
Package pdftex.def Info: Images/bivecteur.png  used on input line 198.
(pdftex.def)             Requested size: 125.47945pt x 69.26189pt.

Overfull \vbox (4.42009pt too high) detected at line 198
 []


Overfull \hbox (225.25024pt too wide) has occurred while \output is active
 [][][][] []  
 []

[34

]
<Images/egalite.png, id=1382, 979.66pt x 655.44875pt>
File: Images/egalite.png Graphic file (type png)
<use Images/egalite.png>
Package pdftex.def Info: Images/egalite.png  used on input line 214.
(pdftex.def)             Requested size: 166.54pt x 111.4248pt.

Overfull \vbox (8.25386pt too high) detected at line 214
 []


Overfull \hbox (225.25024pt too wide) has occurred while \output is active
 [][][][] []  
 []

[35

 <./Images/egalite.png>]
File: Images/egalite.png Graphic file (type png)
<use Images/egalite.png>
Package pdftex.def Info: Images/egalite.png  used on input line 214.
(pdftex.def)             Requested size: 166.54pt x 111.4248pt.

Overfull \vbox (8.25386pt too high) detected at line 214
 []


Overfull \hbox (225.25024pt too wide) has occurred while \output is active
 [][][][] []  
 []

[36

]
File: Images/egalite.png Graphic file (type png)
<use Images/egalite.png>
Package pdftex.def Info: Images/egalite.png  used on input line 214.
(pdftex.def)             Requested size: 166.54pt x 111.4248pt.

Overfull \vbox (8.25386pt too high) detected at line 214
 []


Overfull \hbox (225.25024pt too wide) has occurred while \output is active
 [][][][] []  
 []

[37

]
<Images/1.png, id=1502, 1146.2825pt x 834.11626pt>
File: Images/1.png Graphic file (type png)
<use Images/1.png>
Package pdftex.def Info: Images/1.png  used on input line 227.
(pdftex.def)             Requested size: 229.25244pt x 166.8203pt.

Overfull \vbox (19.24922pt too high) detected at line 227
 []


Overfull \hbox (225.25024pt too wide) has occurred while \output is active
 [][][][] []  
 []

[38

 <./Images/1.png>]
File: Images/1.png Graphic file (type png)
<use Images/1.png>
Package pdftex.def Info: Images/1.png  used on input line 227.
(pdftex.def)             Requested size: 229.25244pt x 166.8203pt.

Overfull \vbox (19.24922pt too high) detected at line 227
 []


Overfull \hbox (225.25024pt too wide) has occurred while \output is active
 [][][][] []  
 []

[39

]
<Images/2.png, id=1583, 1140.26pt x 803.0pt>
File: Images/2.png Graphic file (type png)
<use Images/2.png>
Package pdftex.def Info: Images/2.png  used on input line 236.
(pdftex.def)             Requested size: 228.04796pt x 160.59715pt.

Overfull \vbox (22.49706pt too high) detected at line 236
 []


Overfull \hbox (225.25024pt too wide) has occurred while \output is active
 [][][][] []  
 []

[40

 <./Images/2.png>]
<Images/3.png, id=1622, 1207.51125pt x 823.075pt>
File: Images/3.png Graphic file (type png)
<use Images/3.png>
Package pdftex.def Info: Images/3.png  used on input line 246.
(pdftex.def)             Requested size: 241.49797pt x 164.61208pt.

Overfull \vbox (17.041pt too high) detected at line 246
 []


Overfull \hbox (225.25024pt too wide) has occurred while \output is active
 [][][][] []  
 []

[41

 <./Images/3.png>]
<Images/trivecteur.png, id=1662, 682.55pt x 488.82625pt>
File: Images/trivecteur.png Graphic file (type png)
<use Images/trivecteur.png>
Package pdftex.def Info: Images/trivecteur.png  used on input line 257.
(pdftex.def)             Requested size: 136.50758pt x 97.7635pt.

Overfull \hbox (225.25024pt too wide) has occurred while \output is active
 [][][][] []  
 []

[42

 <./Images/trivecteur.png>]
Overfull \hbox (225.25024pt too wide) has occurred while \output is active
 [][][][] []  
 []

[43

]
Overfull \hbox (225.25024pt too wide) has occurred while \output is active
 [][][][] []  
 []

[44

]
Overfull \hbox (225.25024pt too wide) has occurred while \output is active
 [][][][] []  
 []

[45

]
Overfull \hbox (225.25024pt too wide) has occurred while \output is active
 [][][][] []  
 []

[46

]
Overfull \hbox (225.25024pt too wide) has occurred while \output is active
 [][][][] []  
 []

[47

]
Overfull \hbox (225.25024pt too wide) has occurred while \output is active
 [][][][] []  
 []

[48

]
Overfull \hbox (225.25024pt too wide) has occurred while \output is active
 [][][][] []  
 []

[49

]
Overfull \hbox (225.25024pt too wide) has occurred while \output is active
 [][][][] []  
 []

[50

]
Overfull \hbox (225.25024pt too wide) has occurred while \output is active
 [][][][] []  
 []

[51

]
Overfull \hbox (225.25024pt too wide) has occurred while \output is active
 [][][][] []  
 []

[52

]
Overfull \hbox (225.25024pt too wide) has occurred while \output is active
 [][][][] []  
 []

[53

]
Overfull \hbox (225.25024pt too wide) has occurred while \output is active
 [][][][] []  
 []

[54

]
Overfull \hbox (225.25024pt too wide) has occurred while \output is active
 [][][][] []  
 []

[55

]
Overfull \hbox (225.25024pt too wide) has occurred while \output is active
 [][][][] []  
 []

[56

]
Overfull \hbox (225.25024pt too wide) has occurred while \output is active
 [][][][] []  
 []

[57

]
Overfull \hbox (3.10455pt too wide) in paragraph at lines 362--362
 [] 
 []


Overfull \hbox (225.25024pt too wide) has occurred while \output is active
 [][][][] []  
 []

[58

]
Overfull \hbox (225.25024pt too wide) has occurred while \output is active
 [][][][] []  
 []

[59

]
Overfull \hbox (225.25024pt too wide) has occurred while \output is active
 [][][][] []  
 []

[60

]
Overfull \hbox (225.25024pt too wide) has occurred while \output is active
 [][][][] []  
 []

[61

]
Overfull \hbox (225.25024pt too wide) has occurred while \output is active
 [][][][] []  
 []

[62

]
Overfull \hbox (225.25024pt too wide) has occurred while \output is active
 [][][][] []  
 []

[63

]
Overfull \hbox (225.25024pt too wide) has occurred while \output is active
 [][][][] []  
 []

[64

]
<Images/cga2.png, id=2497, 1026.83624pt x 479.7925pt>
File: Images/cga2.png Graphic file (type png)
<use Images/cga2.png>
Package pdftex.def Info: Images/cga2.png  used on input line 407.
(pdftex.def)             Requested size: 410.72722pt x 191.91359pt.

Overfull \hbox (74.57248pt too wide) in paragraph at lines 407--407
 |  [] 
 []


Overfull \vbox (9.4512pt too high) detected at line 407
 []


Overfull \hbox (225.25024pt too wide) has occurred while \output is active
 [][][][] []  
 []

[65

 <./Images/cga2.png>]
<Images/Point2CGA.png, id=2533, 681.54625pt x 38.1425pt>
File: Images/Point2CGA.png Graphic file (type png)
<use Images/Point2CGA.png>
Package pdftex.def Info: Images/Point2CGA.png  used on input line 434.
(pdftex.def)             Requested size: 340.7723pt x 19.0712pt.

Overfull \hbox (18.84393pt too wide) in paragraph at lines 434--434
 |  [] 
 []

<Images/LineOPNS.png, id=2534, 693.59125pt x 21.07875pt>
File: Images/LineOPNS.png Graphic file (type png)
<use Images/LineOPNS.png>
Package pdftex.def Info: Images/LineOPNS.png  used on input line 434.
(pdftex.def)             Requested size: 346.79477pt x 10.53934pt.

Overfull \hbox (24.86641pt too wide) in paragraph at lines 434--434
 |  [] 
 []


Overfull \hbox (225.25024pt too wide) has occurred while \output is active
 [][][][] []  
 []

[66

 <./Images/Point2CGA.png> <./Images/LineOPNS.png>]
<Images/cga3.png, id=2570, 457.71pt x 85.31876pt>
File: Images/cga3.png Graphic file (type png)
<use Images/cga3.png>
Package pdftex.def Info: Images/cga3.png  used on input line 453.
(pdftex.def)             Requested size: 274.62813pt x 51.19164pt.
<Images/Lemma.png, id=2571, 616.3025pt x 40.15pt>
File: Images/Lemma.png Graphic file (type png)
<use Images/Lemma.png>
Package pdftex.def Info: Images/Lemma.png  used on input line 453.
(pdftex.def)             Requested size: 338.96742pt x 22.08255pt.

Overfull \hbox (17.03906pt too wide) in paragraph at lines 453--453
 |  [] 
 []


Overfull \hbox (225.25024pt too wide) has occurred while \output is active
 [][][][] []  
 []

[67

 <./Images/cga3.png> <./Images/Lemma.png>]
File: Images/cga3.png Graphic file (type png)
<use Images/cga3.png>
Package pdftex.def Info: Images/cga3.png  used on input line 453.
(pdftex.def)             Requested size: 274.62813pt x 51.19164pt.
File: Images/Lemma.png Graphic file (type png)
<use Images/Lemma.png>
Package pdftex.def Info: Images/Lemma.png  used on input line 453.
(pdftex.def)             Requested size: 338.96742pt x 22.08255pt.

Overfull \hbox (17.03906pt too wide) in paragraph at lines 453--453
 |  [] 
 []


Overfull \hbox (225.25024pt too wide) has occurred while \output is active
 [][][][] []  
 []

[68

]
Overfull \hbox (225.25024pt too wide) has occurred while \output is active
 [][][][] []  
 []

[69

]
Overfull \hbox (225.25024pt too wide) has occurred while \output is active
 [][][][] []  
 []

[70

]
File: Images/6R.png Graphic file (type png)
<use Images/6R.png>
Package pdftex.def Info: Images/6R.png  used on input line 493.
(pdftex.def)             Requested size: 146.70709pt x 146.36983pt.

Overfull \hbox (5.3517pt too wide) in paragraph at lines 493--493
 [][] 
 []

<Images/6RGeo.png, id=2714, 824.07875pt x 633.36626pt>
File: Images/6RGeo.png Graphic file (type png)
<use Images/6RGeo.png>
Package pdftex.def Info: Images/6RGeo.png  used on input line 493.
(pdftex.def)             Requested size: 164.81282pt x 126.671pt.

Overfull \hbox (23.45743pt too wide) in paragraph at lines 493--493
 [][] 
 []


Overfull \vbox (2.39886pt too high) detected at line 493
 []


Overfull \hbox (225.25024pt too wide) has occurred while \output is active
 [][][][] []  
 []

[71

 <./Images/6RGeo.png>]
<Images/6RParam.png, id=2750, 671.50874pt x 442.65375pt>
File: Images/6RParam.png Graphic file (type png)
<use Images/6RParam.png>
Package pdftex.def Info: Images/6RParam.png  used on input line 501.
(pdftex.def)             Requested size: 248.45435pt x 163.77931pt.

Overfull \vbox (6.20834pt too high) detected at line 501
 []


Overfull \hbox (225.25024pt too wide) has occurred while \output is active
 [][][][] []  
 []

[72

 <./Images/6RParam.png>]
<Images/6RDef.png, id=2786, 974.64125pt x 81.30376pt>
File: Images/6RDef.png Graphic file (type png)
<use Images/6RDef.png>
Package pdftex.def Info: Images/6RDef.png  used on input line 516.
(pdftex.def)             Requested size: 350.87057pt x 29.26932pt.

Overfull \hbox (26.0972pt too wide) in paragraph at lines 516--516
 |  [] 
 []

<Images/6RRes.png, id=2787, 640.3925pt x 271.0125pt>
File: Images/6RRes.png Graphic file (type png)
<use Images/6RRes.png>
Package pdftex.def Info: Images/6RRes.png  used on input line 516.
(pdftex.def)             Requested size: 192.11923pt x 81.30437pt.
(/usr/share/texlive/texmf-dist/tex/latex/ucs/data/uni-34.def
File: uni-34.def 2013/05/13 UCS: Unicode data U+2200..U+22FF
)
Overfull \hbox (225.25024pt too wide) has occurred while \output is active
 [][][][] []  
 []

[73

 <./Images/6RDef.png> <./Images/6RRes.png>]
<Images/6RCluCalc.png, id=2824, 174.6525pt x 346.29375pt>
File: Images/6RCluCalc.png Graphic file (type png)
<use Images/6RCluCalc.png>
Package pdftex.def Info: Images/6RCluCalc.png  used on input line 533.
(pdftex.def)             Requested size: 78.5929pt x 155.83073pt.
<Images/6RCluRes.png, id=2825, 267.24844pt x 151.3153pt>
File: Images/6RCluRes.png Graphic file (type png)
<use Images/6RCluRes.png>
Package pdftex.def Info: Images/6RCluRes.png  used on input line 533.
(pdftex.def)             Requested size: 200.43584pt x 113.48619pt.

Overfull \hbox (18.83466pt too wide) in paragraph at lines 533--533
[]|  [] 
 []


Overfull \hbox (225.25024pt too wide) has occurred while \output is active
 [][][][] []  
 []

[74

 <./Images/6RCluCalc.PNG> <./Images/6RCluRes.PNG>]
Overfull \hbox (225.25024pt too wide) has occurred while \output is active
 [][][][] []  
 []

[75

]
Overfull \hbox (225.25024pt too wide) has occurred while \output is active
 [][][][] []  
 []

[76

]
Overfull \hbox (225.25024pt too wide) has occurred while \output is active
 [][][][] []  
 []

[77

]
<Images/Scara.jpg, id=2968, 1003.75pt x 602.25pt>
File: Images/Scara.jpg Graphic file (type jpg)
<use Images/Scara.jpg>
Package pdftex.def Info: Images/Scara.jpg  used on input line 570.
(pdftex.def)             Requested size: 170.63524pt x 102.38113pt.

Overfull \hbox (29.27985pt too wide) in paragraph at lines 570--570
 [][] 
 []

<Images/Scara.png, id=2969, 710.655pt x 765.86125pt>
File: Images/Scara.png Graphic file (type png)
<use Images/Scara.png>
Package pdftex.def Info: Images/Scara.png  used on input line 570.
(pdftex.def)             Requested size: 142.12848pt x 153.16953pt.

Overfull \hbox (0.77309pt too wide) in paragraph at lines 570--570
 [][] 
 []


Overfull \hbox (225.25024pt too wide) has occurred while \output is active
 [][][][] []  
 []

[78

 <./Images/Scara.jpg> <./Images/Scara.png>]
<Images/SCARADessus.png, id=3005, 921.4425pt x 861.2175pt>
File: Images/SCARADessus.png Graphic file (type png)
<use Images/SCARADessus.png>
Package pdftex.def Info: Images/SCARADessus.png  used on input line 580.
(pdftex.def)             Requested size: 161.25485pt x 150.71532pt.

Overfull \vbox (6.74435pt too high) detected at line 580
 []


Overfull \hbox (225.25024pt too wide) has occurred while \output is active
 [][][][] []  
 []

[79

 <./Images/SCARADessus.png>]
<Images/SCARADessus2.png, id=3043, 796.9775pt x 649.42625pt>
File: Images/SCARADessus2.png Graphic file (type png)
<use Images/SCARADessus2.png>
Package pdftex.def Info: Images/SCARADessus2.png  used on input line 590.
(pdftex.def)             Requested size: 175.33559pt x 142.8742pt.

Overfull \hbox (225.25024pt too wide) has occurred while \output is active
 [][][][] []  
 []

[80

 <./Images/SCARADessus2.png>]
Overfull \hbox (225.25024pt too wide) has occurred while \output is active
 [][][][] []  
 []

[81

]
<Images/ScaraIK.png, id=3114, 709.65125pt x 752.8125pt>
File: Images/ScaraIK.png Graphic file (type png)
<use Images/ScaraIK.png>
Package pdftex.def Info: Images/ScaraIK.png  used on input line 606.
(pdftex.def)             Requested size: 177.41237pt x 188.20265pt.

Overfull \hbox (225.25024pt too wide) has occurred while \output is active
 [][][][] []  
 []

[82

 <./Images/SCARAIK.png>]
Overfull \hbox (225.25024pt too wide) has occurred while \output is active
 [][][][] []  
 []

[83

]
File: Images/SCARAIK2.png Graphic file (type png)
<use Images/SCARAIK2.png>
Package pdftex.def Info: Images/SCARAIK2.png  used on input line 632.
(pdftex.def)             Requested size: 345.02446pt x 221.65517pt.

Overfull \hbox (11.71518pt too wide) in paragraph at lines 632--632
 |  [] 
 []


Overfull \vbox (18.90065pt too high) detected at line 632
 []


Overfull \hbox (225.25024pt too wide) has occurred while \output is active
 [][][][] []  
 []

[84

]
Overfull \hbox (225.25024pt too wide) has occurred while \output is active
 [][][][] []  
 []

[85

]
Overfull \hbox (225.25024pt too wide) has occurred while \output is active
 [][][][] []  
 []

[86

]
<Images/SCARAIK3.png, id=3293, 286.82156pt x 109.1578pt>
File: Images/SCARAIK3.png Graphic file (type png)
<use Images/SCARAIK3.png>
Package pdftex.def Info: Images/SCARAIK3.png  used on input line 666.
(pdftex.def)             Requested size: 172.09425pt x 65.49518pt.

Overfull \hbox (30.73886pt too wide) in paragraph at lines 666--666
 [][] 
 []

<Images/SCARAIK4.png, id=3294, 246.1697pt x 52.69687pt>
File: Images/SCARAIK4.png Graphic file (type png)
<use Images/SCARAIK4.png>
Package pdftex.def Info: Images/SCARAIK4.png  used on input line 666.
(pdftex.def)             Requested size: 172.3176pt x 36.88754pt.

Overfull \hbox (30.9622pt too wide) in paragraph at lines 666--666
 [][] 
 []


Overfull \hbox (225.25024pt too wide) has occurred while \output is active
 [][][][] []  
 []

[87

 <./Images/SCARAIK3.PNG> <./Images/SCARAIK4.PNG>]
File: Images/SCARADessus2.png Graphic file (type png)
<use Images/SCARADessus2.png>
Package pdftex.def Info: Images/SCARADessus2.png  used on input line 676.
(pdftex.def)             Requested size: 167.37021pt x 136.38353pt.

Overfull \vbox (8.14615pt too high) detected at line 676
 []


Overfull \hbox (225.25024pt too wide) has occurred while \output is active
 [][][][] []  
 []

[88

]
Overfull \hbox (225.25024pt too wide) has occurred while \output is active
 [][][][] []  
 []

[89

]
Overfull \hbox (225.25024pt too wide) has occurred while \output is active
 [][][][] []  
 []

[90

]
Overfull \hbox (225.25024pt too wide) has occurred while \output is active
 [][][][] []  
 []

[91

]
Overfull \hbox (225.25024pt too wide) has occurred while \output is active
 [][][][] []  
 []

[92

]
Overfull \hbox (225.25024pt too wide) has occurred while \output is active
 [][][][] []  
 []

[93

]
Overfull \hbox (225.25024pt too wide) has occurred while \output is active
 [][][][] []  
 []

[94

]
Overfull \hbox (225.25024pt too wide) has occurred while \output is active
 [][][][] []  
 []

[95

]
Overfull \hbox (225.25024pt too wide) has occurred while \output is active
 [][][][] []  
 []

[96

]
Overfull \hbox (225.25024pt too wide) has occurred while \output is active
 [][][][] []  
 []

[97

]
Overfull \hbox (225.25024pt too wide) has occurred while \output is active
 [][][][] []  
 []

[98

]
\tf@nav=\write7
\openout7 = `pres.nav'.

\tf@toc=\write8
\openout8 = `pres.toc'.

\tf@snm=\write9
\openout9 = `pres.snm'.

Package atveryend Info: Empty hook `BeforeClearDocument' on input line 710.
Package atveryend Info: Empty hook `AfterLastShipout' on input line 710.
 (./pres.aux)
Package atveryend Info: Executing hook `AtVeryEndDocument' on input line 710.
Package atveryend Info: Executing hook `AtEndAfterFileList' on input line 710.
Package rerunfilecheck Info: File `pres.out' has not changed.
(rerunfilecheck)             Checksum: D70CEF9C8D404F367B5C9E346ACA14C4;1384.
 ) 
Here is how much of TeX's memory you used:
 36330 strings out of 483065
 694274 string characters out of 5963550
 1063330 words of memory out of 5000000
 50245 multiletter control sequences out of 15000+600000
 629892 words of font info for 99 fonts, out of 8000000 for 9000
 81 hyphenation exceptions out of 8191
 59i,19n,69p,3236b,717s stack positions out of 5000i,500n,10000p,200000b,80000s
{/usr/share/texmf/fonts/enc/dvips/lm/lm-rm.enc}{/usr/share/texmf/fonts/enc/dv
ips/lm/lm-mathex.enc}{/usr/share/texmf/fonts/enc/dvips/lm/lm-mathit.enc}{/usr/s
hare/texmf/fonts/enc/dvips/lm/lm-mathsy.enc}{/usr/share/texmf/fonts/enc/dvips/l
m/lm-ec.enc}</usr/share/texmf/fonts/type1/public/lm/lmbsy10.pfb></usr/share/tex
mf/fonts/type1/public/lm/lmbx8.pfb></usr/share/texmf/fonts/type1/public/lm/lmex
10.pfb></usr/share/texmf/fonts/type1/public/lm/lmmi10.pfb></usr/share/texmf/fon
ts/type1/public/lm/lmmi8.pfb></usr/share/texmf/fonts/type1/public/lm/lmss10.pfb
></usr/share/texmf/fonts/type1/public/lm/lmss12.pfb></usr/share/texmf/fonts/typ
e1/public/lm/lmss8.pfb></usr/share/texmf/fonts/type1/public/lm/lmssbo10.pfb></u
sr/share/texmf/fonts/type1/public/lm/lmssbx10.pfb></usr/share/texmf/fonts/type1
/public/lm/lmsso10.pfb></usr/share/texmf/fonts/type1/public/lm/lmsso8.pfb></usr
/share/texmf/fonts/type1/public/lm/lmsy10.pfb></usr/share/texmf/fonts/type1/pub
lic/lm/lmsy8.pfb></usr/share/texlive/texmf-dist/fonts/type1/public/amsfonts/sym
bols/msbm10.pfb></usr/share/texlive/texmf-dist/fonts/type1/public/rsfs/rsfs10.p
fb>
Output written on pres.pdf (98 pages, 1718626 bytes).
PDF statistics:
 3800 PDF objects out of 4296 (max. 8388607)
 3594 compressed objects within 36 object streams
 217 named destinations out of 1000 (max. 500000)
 371 words of extra memory for PDF output out of 10000 (max. 10000000)

